15:59:13 INFO  : Registering command handlers for SDK TCF services
15:59:14 INFO  : Launching XSCT server: xsct.bat -interactive D:\Projects\Bean\BERT\project_3\project_3.sdk\temp_xsdb_launch_script.tcl
15:59:19 INFO  : XSCT server has started successfully.
15:59:19 INFO  : Successfully done setting XSCT server connection channel  
15:59:19 INFO  : Successfully done setting SDK workspace  
15:59:19 INFO  : Processing command line option -hwspec D:/Projects/Bean/BERT/project_3/project_3.sdk/design_1_wrapper.hdf.
16:01:29 INFO  : Connected to target on host '127.0.0.1' and port '3121'.
16:01:31 INFO  : 'targets -set -filter {jtag_cable_name =~ "Digilent JTAG-SMT1 210203A25A2AA" && level==0} -index 0' command is executed.
16:01:45 INFO  : FPGA configured successfully with bitstream "D:/Projects/Bean/BERT/project_3/project_3.sdk/design_1_wrapper_hw_platform_0/download.bit"
16:02:00 INFO  : 'targets -set -filter {jtag_cable_name =~ "Digilent JTAG-SMT1 210203A25A2AA" && level==0} -index 0' command is executed.
16:02:00 INFO  : 'fpga -state' command is executed.
16:02:00 INFO  : Connected to target on host '127.0.0.1' and port '3121'.
16:02:00 INFO  : Jtag cable 'Digilent JTAG-SMT1 210203A25A2AA' is selected.
16:02:00 INFO  : 'jtag frequency' command is executed.
16:02:00 INFO  : Context for processor 'h_microblaze_microblaze_0' is selected.
16:02:00 INFO  : Processor reset is completed for 'h_microblaze_microblaze_0'.
16:02:00 INFO  : Context for processor 'h_microblaze_microblaze_0' is selected.
16:02:00 INFO  : The application 'D:/Projects/Bean/BERT/project_3/project_3.sdk/bert/Debug/bert.elf' is downloaded to processor 'h_microblaze_microblaze_0'.
16:02:00 INFO  : ----------------XSDB Script----------------
connect -url tcp:127.0.0.1:3121
targets -set -nocase -filter {name =~ "microblaze*#0" && bscan=="USER2"  && jtag_cable_name =~ "Digilent JTAG-SMT1 210203A25A2AA"} -index 0
rst -processor
targets -set -nocase -filter {name =~ "microblaze*#0" && bscan=="USER2"  && jtag_cable_name =~ "Digilent JTAG-SMT1 210203A25A2AA"} -index 0
dow D:/Projects/Bean/BERT/project_3/project_3.sdk/bert/Debug/bert.elf
----------------End of Script----------------

16:02:00 INFO  : Memory regions updated for context MicroBlaze #0
16:02:00 INFO  : Memory regions updated for context MicroBlaze Debug Module at USER2
16:02:00 INFO  : Context for processor 'h_microblaze_microblaze_0' is selected.
16:02:00 INFO  : 'con' command is executed.
16:02:00 INFO  : ----------------XSDB Script (After Launch)----------------
targets -set -nocase -filter {name =~ "microblaze*#0" && bscan=="USER2"  && jtag_cable_name =~ "Digilent JTAG-SMT1 210203A25A2AA"} -index 0
con
----------------End of Script----------------

16:02:00 INFO  : Launch script is exported to file 'D:\Projects\Bean\BERT\project_3\project_3.sdk\.sdk\launch_scripts\xilinx_c-c++_application_(system_debugger)\system_debugger_using_debug_bert.elf_on_local.tcl'
17:00:16 INFO  : SDK has detected change in the last modified timestamps for source hardware specification file Source:1517266718341,  Project:1517263128967
17:00:16 INFO  : Project design_1_wrapper_hw_platform_0's source hardware specification located at D:/Projects/Bean/BERT/project_3/project_3.sdk/design_1_wrapper.hdf is now different from the local copy.
		 The local copy will be replaced with the source specification and your workspace will be updated.
17:00:18 INFO  : Copied contents of D:/Projects/Bean/BERT/project_3/project_3.sdk/design_1_wrapper.hdf into \design_1_wrapper_hw_platform_0\system.hdf.
17:00:18 INFO  : Synchronizing projects in the workspace with the hardware platform specification changes.
17:00:20 INFO  : 
17:00:20 INFO  : Updating hardware inferred compiler options for bert.
17:00:20 INFO  : Clearing existing target manager status.
17:00:23 INFO  : Closing and re-opening the MSS file of ther project bert_bsp
17:00:23 INFO  : Workspace synchronized with the new hardware specification file. Cleaning dependent projects...
17:00:24 WARN  : Linker script will not be updated automatically. Users need to update it manually.
17:00:38 INFO  : Disconnected from the channel tcfchan#1.
17:00:39 INFO  : 'targets -set -filter {jtag_cable_name =~ "Digilent JTAG-SMT1 210203A25A2AA" && level==0} -index 0' command is executed.
17:00:39 INFO  : 'fpga -state' command is executed.
17:00:39 INFO  : Connected to target on host '127.0.0.1' and port '3121'.
17:00:40 INFO  : Jtag cable 'Digilent JTAG-SMT1 210203A25A2AA' is selected.
17:00:40 INFO  : 'jtag frequency' command is executed.
17:00:40 INFO  : Context for processor 'h_microblaze_microblaze_0' is selected.
17:00:40 INFO  : Processor reset is completed for 'h_microblaze_microblaze_0'.
17:00:40 INFO  : Context for processor 'h_microblaze_microblaze_0' is selected.
17:00:40 INFO  : The application 'D:/Projects/Bean/BERT/project_3/project_3.sdk/bert/Debug/bert.elf' is downloaded to processor 'h_microblaze_microblaze_0'.
17:00:40 INFO  : ----------------XSDB Script----------------
connect -url tcp:127.0.0.1:3121
targets -set -nocase -filter {name =~ "microblaze*#0" && bscan=="USER2"  && jtag_cable_name =~ "Digilent JTAG-SMT1 210203A25A2AA"} -index 0
rst -processor
targets -set -nocase -filter {name =~ "microblaze*#0" && bscan=="USER2"  && jtag_cable_name =~ "Digilent JTAG-SMT1 210203A25A2AA"} -index 0
dow D:/Projects/Bean/BERT/project_3/project_3.sdk/bert/Debug/bert.elf
----------------End of Script----------------

17:00:40 INFO  : Memory regions updated for context MicroBlaze #0
17:00:40 INFO  : Memory regions updated for context MicroBlaze Debug Module at USER2
17:00:40 INFO  : Context for processor 'h_microblaze_microblaze_0' is selected.
17:00:40 INFO  : 'con' command is executed.
17:00:40 INFO  : ----------------XSDB Script (After Launch)----------------
targets -set -nocase -filter {name =~ "microblaze*#0" && bscan=="USER2"  && jtag_cable_name =~ "Digilent JTAG-SMT1 210203A25A2AA"} -index 0
con
----------------End of Script----------------

17:00:40 INFO  : Launch script is exported to file 'D:\Projects\Bean\BERT\project_3\project_3.sdk\.sdk\launch_scripts\xilinx_c-c++_application_(system_debugger)\system_debugger_using_debug_bert.elf_on_local.tcl'
17:01:20 INFO  : Connected to target on host '127.0.0.1' and port '3121'.
17:01:20 INFO  : 'targets -set -filter {jtag_cable_name =~ "Digilent JTAG-SMT1 210203A25A2AA" && level==0} -index 0' command is executed.
17:01:32 INFO  : FPGA configured successfully with bitstream "D:/Projects/Bean/BERT/project_3/project_3.sdk/design_1_wrapper_hw_platform_0/download.bit"
17:01:39 INFO  : Disconnected from the channel tcfchan#2.
17:01:40 INFO  : 'targets -set -filter {jtag_cable_name =~ "Digilent JTAG-SMT1 210203A25A2AA" && level==0} -index 0' command is executed.
17:01:40 INFO  : 'fpga -state' command is executed.
17:01:40 INFO  : Connected to target on host '127.0.0.1' and port '3121'.
17:01:40 INFO  : Jtag cable 'Digilent JTAG-SMT1 210203A25A2AA' is selected.
17:01:40 INFO  : 'jtag frequency' command is executed.
17:01:40 INFO  : Context for processor 'h_microblaze_microblaze_0' is selected.
17:01:40 INFO  : Processor reset is completed for 'h_microblaze_microblaze_0'.
17:01:40 INFO  : Context for processor 'h_microblaze_microblaze_0' is selected.
17:01:40 INFO  : The application 'D:/Projects/Bean/BERT/project_3/project_3.sdk/bert/Debug/bert.elf' is downloaded to processor 'h_microblaze_microblaze_0'.
17:01:40 INFO  : ----------------XSDB Script----------------
connect -url tcp:127.0.0.1:3121
targets -set -nocase -filter {name =~ "microblaze*#0" && bscan=="USER2"  && jtag_cable_name =~ "Digilent JTAG-SMT1 210203A25A2AA"} -index 0
rst -processor
targets -set -nocase -filter {name =~ "microblaze*#0" && bscan=="USER2"  && jtag_cable_name =~ "Digilent JTAG-SMT1 210203A25A2AA"} -index 0
dow D:/Projects/Bean/BERT/project_3/project_3.sdk/bert/Debug/bert.elf
----------------End of Script----------------

17:01:40 INFO  : Memory regions updated for context MicroBlaze #0
17:01:40 INFO  : Memory regions updated for context MicroBlaze Debug Module at USER2
17:01:40 INFO  : Context for processor 'h_microblaze_microblaze_0' is selected.
17:01:40 INFO  : 'con' command is executed.
17:01:40 INFO  : ----------------XSDB Script (After Launch)----------------
targets -set -nocase -filter {name =~ "microblaze*#0" && bscan=="USER2"  && jtag_cable_name =~ "Digilent JTAG-SMT1 210203A25A2AA"} -index 0
con
----------------End of Script----------------

17:01:40 INFO  : Launch script is exported to file 'D:\Projects\Bean\BERT\project_3\project_3.sdk\.sdk\launch_scripts\xilinx_c-c++_application_(system_debugger)\system_debugger_using_debug_bert.elf_on_local.tcl'
09:11:11 INFO  : SDK has detected change in the last modified timestamps for source hardware specification file Source:1517267414952,  Project:1517266718341
09:11:11 INFO  : Project design_1_wrapper_hw_platform_0's source hardware specification located at D:/Projects/Bean/BERT/project_3/project_3.sdk/design_1_wrapper.hdf is now different from the local copy.
		 The local copy will be replaced with the source specification and your workspace will be updated.
09:11:11 INFO  : Copied contents of D:/Projects/Bean/BERT/project_3/project_3.sdk/design_1_wrapper.hdf into \design_1_wrapper_hw_platform_0\system.hdf.
09:11:11 INFO  : Synchronizing projects in the workspace with the hardware platform specification changes.
09:11:13 INFO  : 
09:11:14 INFO  : Updating hardware inferred compiler options for bert.
09:11:14 INFO  : Clearing existing target manager status.
09:11:14 INFO  : Closing and re-opening the MSS file of ther project bert_bsp
09:11:14 INFO  : Workspace synchronized with the new hardware specification file. Cleaning dependent projects...
09:11:15 WARN  : Linker script will not be updated automatically. Users need to update it manually.
09:12:04 INFO  : Connected to target on host '127.0.0.1' and port '3121'.
09:12:04 INFO  : 'targets -set -filter {jtag_cable_name =~ "Digilent JTAG-SMT1 210203A25A2AA" && level==0} -index 0' command is executed.
09:12:15 INFO  : FPGA configured successfully with bitstream "D:/Projects/Bean/BERT/project_3/project_3.sdk/design_1_wrapper_hw_platform_0/download.bit"
09:13:27 INFO  : Disconnected from the channel tcfchan#3.
09:13:28 INFO  : 'targets -set -filter {jtag_cable_name =~ "Digilent JTAG-SMT1 210203A25A2AA" && level==0} -index 0' command is executed.
09:13:28 INFO  : 'fpga -state' command is executed.
09:13:28 INFO  : Connected to target on host '127.0.0.1' and port '3121'.
09:13:28 INFO  : Jtag cable 'Digilent JTAG-SMT1 210203A25A2AA' is selected.
09:13:28 INFO  : 'jtag frequency' command is executed.
09:13:28 INFO  : Context for processor 'h_microblaze_microblaze_0' is selected.
09:13:28 INFO  : Processor reset is completed for 'h_microblaze_microblaze_0'.
09:13:28 INFO  : Context for processor 'h_microblaze_microblaze_0' is selected.
09:13:28 INFO  : The application 'D:/Projects/Bean/BERT/project_3/project_3.sdk/bert/Debug/bert.elf' is downloaded to processor 'h_microblaze_microblaze_0'.
09:13:28 INFO  : ----------------XSDB Script----------------
connect -url tcp:127.0.0.1:3121
targets -set -nocase -filter {name =~ "microblaze*#0" && bscan=="USER2"  && jtag_cable_name =~ "Digilent JTAG-SMT1 210203A25A2AA"} -index 0
rst -processor
targets -set -nocase -filter {name =~ "microblaze*#0" && bscan=="USER2"  && jtag_cable_name =~ "Digilent JTAG-SMT1 210203A25A2AA"} -index 0
dow D:/Projects/Bean/BERT/project_3/project_3.sdk/bert/Debug/bert.elf
----------------End of Script----------------

09:13:29 INFO  : Memory regions updated for context MicroBlaze #0
09:13:29 INFO  : Memory regions updated for context MicroBlaze Debug Module at USER2
09:13:29 INFO  : Context for processor 'h_microblaze_microblaze_0' is selected.
09:13:29 INFO  : 'con' command is executed.
09:13:29 INFO  : ----------------XSDB Script (After Launch)----------------
targets -set -nocase -filter {name =~ "microblaze*#0" && bscan=="USER2"  && jtag_cable_name =~ "Digilent JTAG-SMT1 210203A25A2AA"} -index 0
con
----------------End of Script----------------

09:13:29 INFO  : Launch script is exported to file 'D:\Projects\Bean\BERT\project_3\project_3.sdk\.sdk\launch_scripts\xilinx_c-c++_application_(system_debugger)\system_debugger_using_debug_bert.elf_on_local.tcl'
09:23:07 INFO  : Disconnected from the channel tcfchan#4.
09:23:08 INFO  : 'targets -set -filter {jtag_cable_name =~ "Digilent JTAG-SMT1 210203A25A2AA" && level==0} -index 0' command is executed.
09:23:08 INFO  : 'fpga -state' command is executed.
09:23:08 INFO  : Connected to target on host '127.0.0.1' and port '3121'.
09:23:08 INFO  : Jtag cable 'Digilent JTAG-SMT1 210203A25A2AA' is selected.
09:23:08 INFO  : 'jtag frequency' command is executed.
09:23:08 INFO  : Context for processor 'h_microblaze_microblaze_0' is selected.
09:23:08 INFO  : Processor reset is completed for 'h_microblaze_microblaze_0'.
09:23:08 INFO  : Context for processor 'h_microblaze_microblaze_0' is selected.
09:23:08 INFO  : The application 'D:/Projects/Bean/BERT/project_3/project_3.sdk/bert/Debug/bert.elf' is downloaded to processor 'h_microblaze_microblaze_0'.
09:23:08 INFO  : ----------------XSDB Script----------------
connect -url tcp:127.0.0.1:3121
targets -set -nocase -filter {name =~ "microblaze*#0" && bscan=="USER2"  && jtag_cable_name =~ "Digilent JTAG-SMT1 210203A25A2AA"} -index 0
rst -processor
targets -set -nocase -filter {name =~ "microblaze*#0" && bscan=="USER2"  && jtag_cable_name =~ "Digilent JTAG-SMT1 210203A25A2AA"} -index 0
dow D:/Projects/Bean/BERT/project_3/project_3.sdk/bert/Debug/bert.elf
----------------End of Script----------------

09:23:08 INFO  : Memory regions updated for context MicroBlaze #0
09:23:08 INFO  : Memory regions updated for context MicroBlaze Debug Module at USER2
09:23:09 INFO  : Context for processor 'h_microblaze_microblaze_0' is selected.
09:23:09 INFO  : 'con' command is executed.
09:23:09 INFO  : ----------------XSDB Script (After Launch)----------------
targets -set -nocase -filter {name =~ "microblaze*#0" && bscan=="USER2"  && jtag_cable_name =~ "Digilent JTAG-SMT1 210203A25A2AA"} -index 0
con
----------------End of Script----------------

09:23:09 INFO  : Launch script is exported to file 'D:\Projects\Bean\BERT\project_3\project_3.sdk\.sdk\launch_scripts\xilinx_c-c++_application_(system_debugger)\system_debugger_using_debug_bert.elf_on_local.tcl'
09:25:26 INFO  : Disconnected from the channel tcfchan#5.
09:25:27 INFO  : 'targets -set -filter {jtag_cable_name =~ "Digilent JTAG-SMT1 210203A25A2AA" && level==0} -index 0' command is executed.
09:25:27 INFO  : 'fpga -state' command is executed.
09:25:27 INFO  : Connected to target on host '127.0.0.1' and port '3121'.
09:25:27 INFO  : Jtag cable 'Digilent JTAG-SMT1 210203A25A2AA' is selected.
09:25:27 INFO  : 'jtag frequency' command is executed.
09:25:28 INFO  : Context for processor 'h_microblaze_microblaze_0' is selected.
09:25:28 INFO  : Processor reset is completed for 'h_microblaze_microblaze_0'.
09:25:28 INFO  : Context for processor 'h_microblaze_microblaze_0' is selected.
09:25:28 INFO  : The application 'D:/Projects/Bean/BERT/project_3/project_3.sdk/bert/Debug/bert.elf' is downloaded to processor 'h_microblaze_microblaze_0'.
09:25:28 INFO  : ----------------XSDB Script----------------
connect -url tcp:127.0.0.1:3121
targets -set -nocase -filter {name =~ "microblaze*#0" && bscan=="USER2"  && jtag_cable_name =~ "Digilent JTAG-SMT1 210203A25A2AA"} -index 0
rst -processor
targets -set -nocase -filter {name =~ "microblaze*#0" && bscan=="USER2"  && jtag_cable_name =~ "Digilent JTAG-SMT1 210203A25A2AA"} -index 0
dow D:/Projects/Bean/BERT/project_3/project_3.sdk/bert/Debug/bert.elf
----------------End of Script----------------

09:25:28 INFO  : Memory regions updated for context MicroBlaze #0
09:25:28 INFO  : Memory regions updated for context MicroBlaze Debug Module at USER2
09:25:28 INFO  : Context for processor 'h_microblaze_microblaze_0' is selected.
09:25:28 INFO  : 'con' command is executed.
09:25:28 INFO  : ----------------XSDB Script (After Launch)----------------
targets -set -nocase -filter {name =~ "microblaze*#0" && bscan=="USER2"  && jtag_cable_name =~ "Digilent JTAG-SMT1 210203A25A2AA"} -index 0
con
----------------End of Script----------------

09:25:28 INFO  : Launch script is exported to file 'D:\Projects\Bean\BERT\project_3\project_3.sdk\.sdk\launch_scripts\xilinx_c-c++_application_(system_debugger)\system_debugger_using_debug_bert.elf_on_local.tcl'
09:33:17 INFO  : Disconnected from the channel tcfchan#6.
09:33:18 ERROR : Unexpected error while parsing XMD response ?: com.google.gson.JsonSyntaxException: com.google.gson.stream.MalformedJsonException: invalid number or unquoted string near 
16:16:37 INFO  : Registering command handlers for SDK TCF services
16:16:38 INFO  : Launching XSCT server: xsct.bat -interactive C:\SharedProjects\Sadias_Directory\BERT\project_3\project_3.sdk\temp_xsdb_launch_script.tcl
16:16:44 INFO  : XSCT server has started successfully.
16:17:01 INFO  : Successfully done setting XSCT server connection channel  
16:17:01 INFO  : Successfully done setting SDK workspace  
16:17:01 INFO  : Processing command line option -hwspec C:/SharedProjects/Sadias_Directory/BERT/project_3/project_3.sdk/design_1_wrapper.hdf.
16:54:52 INFO  : 'targets -set -filter {jtag_cable_name =~ "Digilent JTAG-SMT1 210203A25A2AA" && level==0} -index 0' command is executed.
16:54:52 INFO  : 'fpga -state' command is executed.
16:54:52 INFO  : Connected to target on host '127.0.0.1' and port '3121'.
16:54:52 INFO  : Jtag cable 'Digilent JTAG-SMT1 210203A25A2AA' is selected.
16:54:52 INFO  : 'jtag frequency' command is executed.
16:54:53 INFO  : Context for processor 'h_microblaze_microblaze_0' is selected.
16:54:53 INFO  : Processor reset is completed for 'h_microblaze_microblaze_0'.
16:54:54 INFO  : Context for processor 'h_microblaze_microblaze_0' is selected.
16:54:54 INFO  : The application 'C:/SharedProjects/Sadias_Directory/BERT/project_3/project_3.sdk/bert/Debug/bert.elf' is downloaded to processor 'h_microblaze_microblaze_0'.
16:54:54 INFO  : ----------------XSDB Script----------------
connect -url tcp:127.0.0.1:3121
targets -set -nocase -filter {name =~ "microblaze*#0" && bscan=="USER2"  && jtag_cable_name =~ "Digilent JTAG-SMT1 210203A25A2AA"} -index 0
rst -processor
targets -set -nocase -filter {name =~ "microblaze*#0" && bscan=="USER2"  && jtag_cable_name =~ "Digilent JTAG-SMT1 210203A25A2AA"} -index 0
dow C:/SharedProjects/Sadias_Directory/BERT/project_3/project_3.sdk/bert/Debug/bert.elf
----------------End of Script----------------

16:54:54 INFO  : Memory regions updated for context MicroBlaze #0
16:54:54 INFO  : Memory regions updated for context MicroBlaze Debug Module at USER2
16:54:55 INFO  : Context for processor 'h_microblaze_microblaze_0' is selected.
16:54:55 INFO  : 'con' command is executed.
16:54:55 INFO  : ----------------XSDB Script (After Launch)----------------
targets -set -nocase -filter {name =~ "microblaze*#0" && bscan=="USER2"  && jtag_cable_name =~ "Digilent JTAG-SMT1 210203A25A2AA"} -index 0
con
----------------End of Script----------------

16:54:55 INFO  : Launch script is exported to file 'C:\SharedProjects\Sadias_Directory\BERT\project_3\project_3.sdk\.sdk\launch_scripts\xilinx_c-c++_application_(system_debugger)\system_debugger_using_debug_bert.elf_on_local.tcl'
16:55:52 INFO  : Connected to target on host '127.0.0.1' and port '3121'.
16:55:52 INFO  : 'targets -set -filter {jtag_cable_name =~ "Digilent JTAG-SMT1 210203A25A2AA" && level==0} -index 0' command is executed.
16:56:04 INFO  : FPGA configured successfully with bitstream "C:/SharedProjects/Sadias_Directory/BERT/project_3/project_3.sdk/design_1_wrapper_hw_platform_0/download.bit"
16:56:17 INFO  : Disconnected from the channel tcfchan#1.
16:56:18 INFO  : 'targets -set -filter {jtag_cable_name =~ "Digilent JTAG-SMT1 210203A25A2AA" && level==0} -index 0' command is executed.
16:56:18 INFO  : 'fpga -state' command is executed.
16:56:18 INFO  : Connected to target on host '127.0.0.1' and port '3121'.
16:56:18 INFO  : Jtag cable 'Digilent JTAG-SMT1 210203A25A2AA' is selected.
16:56:18 INFO  : 'jtag frequency' command is executed.
16:56:18 INFO  : Context for processor 'h_microblaze_microblaze_0' is selected.
16:56:18 INFO  : Processor reset is completed for 'h_microblaze_microblaze_0'.
16:56:18 INFO  : Context for processor 'h_microblaze_microblaze_0' is selected.
16:56:18 INFO  : The application 'C:/SharedProjects/Sadias_Directory/BERT/project_3/project_3.sdk/bert/Debug/bert.elf' is downloaded to processor 'h_microblaze_microblaze_0'.
16:56:18 INFO  : ----------------XSDB Script----------------
connect -url tcp:127.0.0.1:3121
targets -set -nocase -filter {name =~ "microblaze*#0" && bscan=="USER2"  && jtag_cable_name =~ "Digilent JTAG-SMT1 210203A25A2AA"} -index 0
rst -processor
targets -set -nocase -filter {name =~ "microblaze*#0" && bscan=="USER2"  && jtag_cable_name =~ "Digilent JTAG-SMT1 210203A25A2AA"} -index 0
dow C:/SharedProjects/Sadias_Directory/BERT/project_3/project_3.sdk/bert/Debug/bert.elf
----------------End of Script----------------

16:56:18 INFO  : Memory regions updated for context MicroBlaze #0
16:56:18 INFO  : Memory regions updated for context MicroBlaze Debug Module at USER2
16:56:18 INFO  : Context for processor 'h_microblaze_microblaze_0' is selected.
16:56:18 INFO  : 'con' command is executed.
16:56:18 INFO  : ----------------XSDB Script (After Launch)----------------
targets -set -nocase -filter {name =~ "microblaze*#0" && bscan=="USER2"  && jtag_cable_name =~ "Digilent JTAG-SMT1 210203A25A2AA"} -index 0
con
----------------End of Script----------------

16:56:18 INFO  : Launch script is exported to file 'C:\SharedProjects\Sadias_Directory\BERT\project_3\project_3.sdk\.sdk\launch_scripts\xilinx_c-c++_application_(system_debugger)\system_debugger_using_debug_bert.elf_on_local.tcl'
16:57:06 INFO  : Disconnected from the channel tcfchan#2.
16:57:07 INFO  : 'targets -set -filter {jtag_cable_name =~ "Digilent JTAG-SMT1 210203A25A2AA" && level==0} -index 0' command is executed.
16:57:07 INFO  : 'fpga -state' command is executed.
16:57:07 INFO  : Connected to target on host '127.0.0.1' and port '3121'.
16:57:07 INFO  : Jtag cable 'Digilent JTAG-SMT1 210203A25A2AA' is selected.
16:57:07 INFO  : 'jtag frequency' command is executed.
16:57:07 INFO  : Context for processor 'h_microblaze_microblaze_0' is selected.
16:57:07 INFO  : Processor reset is completed for 'h_microblaze_microblaze_0'.
16:57:07 INFO  : Context for processor 'h_microblaze_microblaze_0' is selected.
16:57:07 INFO  : The application 'C:/SharedProjects/Sadias_Directory/BERT/project_3/project_3.sdk/bert/Debug/bert.elf' is downloaded to processor 'h_microblaze_microblaze_0'.
16:57:07 INFO  : ----------------XSDB Script----------------
connect -url tcp:127.0.0.1:3121
targets -set -nocase -filter {name =~ "microblaze*#0" && bscan=="USER2"  && jtag_cable_name =~ "Digilent JTAG-SMT1 210203A25A2AA"} -index 0
rst -processor
targets -set -nocase -filter {name =~ "microblaze*#0" && bscan=="USER2"  && jtag_cable_name =~ "Digilent JTAG-SMT1 210203A25A2AA"} -index 0
dow C:/SharedProjects/Sadias_Directory/BERT/project_3/project_3.sdk/bert/Debug/bert.elf
----------------End of Script----------------

16:57:08 INFO  : Memory regions updated for context MicroBlaze #0
16:57:08 INFO  : Memory regions updated for context MicroBlaze Debug Module at USER2
16:57:08 INFO  : Context for processor 'h_microblaze_microblaze_0' is selected.
16:57:08 INFO  : 'con' command is executed.
16:57:08 INFO  : ----------------XSDB Script (After Launch)----------------
targets -set -nocase -filter {name =~ "microblaze*#0" && bscan=="USER2"  && jtag_cable_name =~ "Digilent JTAG-SMT1 210203A25A2AA"} -index 0
con
----------------End of Script----------------

16:57:08 INFO  : Launch script is exported to file 'C:\SharedProjects\Sadias_Directory\BERT\project_3\project_3.sdk\.sdk\launch_scripts\xilinx_c-c++_application_(system_debugger)\system_debugger_using_debug_bert.elf_on_local.tcl'
17:00:39 INFO  : Disconnected from the channel tcfchan#3.
17:00:40 INFO  : 'targets -set -filter {jtag_cable_name =~ "Digilent JTAG-SMT1 210203A25A2AA" && level==0} -index 0' command is executed.
17:00:40 INFO  : 'fpga -state' command is executed.
17:00:40 INFO  : Connected to target on host '127.0.0.1' and port '3121'.
17:00:40 INFO  : Jtag cable 'Digilent JTAG-SMT1 210203A25A2AA' is selected.
17:00:40 INFO  : 'jtag frequency' command is executed.
17:00:40 INFO  : Context for processor 'h_microblaze_microblaze_0' is selected.
17:00:40 INFO  : Processor reset is completed for 'h_microblaze_microblaze_0'.
17:00:40 INFO  : Context for processor 'h_microblaze_microblaze_0' is selected.
17:00:40 INFO  : The application 'C:/SharedProjects/Sadias_Directory/BERT/project_3/project_3.sdk/bert/Debug/bert.elf' is downloaded to processor 'h_microblaze_microblaze_0'.
17:00:40 INFO  : ----------------XSDB Script----------------
connect -url tcp:127.0.0.1:3121
targets -set -nocase -filter {name =~ "microblaze*#0" && bscan=="USER2"  && jtag_cable_name =~ "Digilent JTAG-SMT1 210203A25A2AA"} -index 0
rst -processor
targets -set -nocase -filter {name =~ "microblaze*#0" && bscan=="USER2"  && jtag_cable_name =~ "Digilent JTAG-SMT1 210203A25A2AA"} -index 0
dow C:/SharedProjects/Sadias_Directory/BERT/project_3/project_3.sdk/bert/Debug/bert.elf
----------------End of Script----------------

17:00:40 INFO  : Memory regions updated for context MicroBlaze #0
17:00:40 INFO  : Memory regions updated for context MicroBlaze Debug Module at USER2
17:00:40 INFO  : Context for processor 'h_microblaze_microblaze_0' is selected.
17:00:40 INFO  : 'con' command is executed.
17:00:40 INFO  : ----------------XSDB Script (After Launch)----------------
targets -set -nocase -filter {name =~ "microblaze*#0" && bscan=="USER2"  && jtag_cable_name =~ "Digilent JTAG-SMT1 210203A25A2AA"} -index 0
con
----------------End of Script----------------

17:00:40 INFO  : Launch script is exported to file 'C:\SharedProjects\Sadias_Directory\BERT\project_3\project_3.sdk\.sdk\launch_scripts\xilinx_c-c++_application_(system_debugger)\system_debugger_using_debug_bert.elf_on_local.tcl'
17:06:10 INFO  : Disconnected from the channel tcfchan#4.
17:06:11 INFO  : 'targets -set -filter {jtag_cable_name =~ "Digilent JTAG-SMT1 210203A25A2AA" && level==0} -index 0' command is executed.
17:06:11 INFO  : 'fpga -state' command is executed.
17:06:11 INFO  : Connected to target on host '127.0.0.1' and port '3121'.
17:06:11 INFO  : Jtag cable 'Digilent JTAG-SMT1 210203A25A2AA' is selected.
17:06:11 INFO  : 'jtag frequency' command is executed.
17:06:11 INFO  : Context for processor 'h_microblaze_microblaze_0' is selected.
17:06:11 INFO  : Processor reset is completed for 'h_microblaze_microblaze_0'.
17:06:11 INFO  : Context for processor 'h_microblaze_microblaze_0' is selected.
17:06:11 INFO  : The application 'C:/SharedProjects/Sadias_Directory/BERT/project_3/project_3.sdk/bert/Debug/bert.elf' is downloaded to processor 'h_microblaze_microblaze_0'.
17:06:11 INFO  : ----------------XSDB Script----------------
connect -url tcp:127.0.0.1:3121
targets -set -nocase -filter {name =~ "microblaze*#0" && bscan=="USER2"  && jtag_cable_name =~ "Digilent JTAG-SMT1 210203A25A2AA"} -index 0
rst -processor
targets -set -nocase -filter {name =~ "microblaze*#0" && bscan=="USER2"  && jtag_cable_name =~ "Digilent JTAG-SMT1 210203A25A2AA"} -index 0
dow C:/SharedProjects/Sadias_Directory/BERT/project_3/project_3.sdk/bert/Debug/bert.elf
----------------End of Script----------------

17:06:11 INFO  : Memory regions updated for context MicroBlaze #0
17:06:11 INFO  : Memory regions updated for context MicroBlaze Debug Module at USER2
17:06:12 INFO  : Context for processor 'h_microblaze_microblaze_0' is selected.
17:06:12 INFO  : 'con' command is executed.
17:06:12 INFO  : ----------------XSDB Script (After Launch)----------------
targets -set -nocase -filter {name =~ "microblaze*#0" && bscan=="USER2"  && jtag_cable_name =~ "Digilent JTAG-SMT1 210203A25A2AA"} -index 0
con
----------------End of Script----------------

17:06:12 INFO  : Launch script is exported to file 'C:\SharedProjects\Sadias_Directory\BERT\project_3\project_3.sdk\.sdk\launch_scripts\xilinx_c-c++_application_(system_debugger)\system_debugger_using_debug_bert.elf_on_local.tcl'
17:13:16 INFO  : Disconnected from the channel tcfchan#5.
17:13:17 INFO  : 'targets -set -filter {jtag_cable_name =~ "Digilent JTAG-SMT1 210203A25A2AA" && level==0} -index 0' command is executed.
17:13:17 INFO  : 'fpga -state' command is executed.
17:13:17 INFO  : Connected to target on host '127.0.0.1' and port '3121'.
17:13:17 INFO  : Jtag cable 'Digilent JTAG-SMT1 210203A25A2AA' is selected.
17:13:17 INFO  : 'jtag frequency' command is executed.
17:13:17 INFO  : Context for processor 'h_microblaze_microblaze_0' is selected.
17:13:17 INFO  : Processor reset is completed for 'h_microblaze_microblaze_0'.
17:13:17 INFO  : Context for processor 'h_microblaze_microblaze_0' is selected.
17:13:17 INFO  : The application 'C:/SharedProjects/Sadias_Directory/BERT/project_3/project_3.sdk/bert/Debug/bert.elf' is downloaded to processor 'h_microblaze_microblaze_0'.
17:13:17 INFO  : ----------------XSDB Script----------------
connect -url tcp:127.0.0.1:3121
targets -set -nocase -filter {name =~ "microblaze*#0" && bscan=="USER2"  && jtag_cable_name =~ "Digilent JTAG-SMT1 210203A25A2AA"} -index 0
rst -processor
targets -set -nocase -filter {name =~ "microblaze*#0" && bscan=="USER2"  && jtag_cable_name =~ "Digilent JTAG-SMT1 210203A25A2AA"} -index 0
dow C:/SharedProjects/Sadias_Directory/BERT/project_3/project_3.sdk/bert/Debug/bert.elf
----------------End of Script----------------

17:13:17 INFO  : Memory regions updated for context MicroBlaze #0
17:13:17 INFO  : Memory regions updated for context MicroBlaze Debug Module at USER2
17:13:17 INFO  : Context for processor 'h_microblaze_microblaze_0' is selected.
17:13:17 INFO  : 'con' command is executed.
17:13:17 INFO  : ----------------XSDB Script (After Launch)----------------
targets -set -nocase -filter {name =~ "microblaze*#0" && bscan=="USER2"  && jtag_cable_name =~ "Digilent JTAG-SMT1 210203A25A2AA"} -index 0
con
----------------End of Script----------------

17:13:17 INFO  : Launch script is exported to file 'C:\SharedProjects\Sadias_Directory\BERT\project_3\project_3.sdk\.sdk\launch_scripts\xilinx_c-c++_application_(system_debugger)\system_debugger_using_debug_bert.elf_on_local.tcl'
17:22:29 INFO  : Disconnected from the channel tcfchan#6.
12:06:14 INFO  : Registering command handlers for SDK TCF services
12:06:14 INFO  : Launching XSCT server: xsct.bat -interactive C:\SharedProjects\Sadias_Directory\BERT\project_3\project_3.sdk\temp_xsdb_launch_script.tcl
12:06:18 INFO  : XSCT server has started successfully.
12:06:18 INFO  : Successfully done setting XSCT server connection channel  
12:06:36 INFO  : Successfully done setting SDK workspace  
12:06:36 INFO  : Processing command line option -hwspec C:/SharedProjects/Sadias_Directory/BERT/project_3/project_3.sdk/design_1_wrapper.hdf.
12:06:37 INFO  : Checking for hwspec changes in the project design_1_wrapper_hw_platform_1.
16:25:06 INFO  : Registering command handlers for SDK TCF services
16:25:06 INFO  : Launching XSCT server: xsct.bat -interactive C:\SharedProjects\Sadias_Directory\BERT\project_3\project_3.sdk\temp_xsdb_launch_script.tcl
16:25:19 INFO  : XSCT server has started successfully.
16:25:19 INFO  : Successfully done setting XSCT server connection channel  
16:25:40 INFO  : Successfully done setting SDK workspace  
16:25:40 INFO  : Processing command line option -hwspec C:/SharedProjects/Sadias_Directory/BERT/project_3/project_3.sdk/design_1_wrapper.hdf.
16:25:40 INFO  : Checking for hwspec changes in the project design_1_wrapper_hw_platform_1.
16:57:55 INFO  : 'targets -set -filter {jtag_cable_name =~ "Digilent JTAG-SMT1 210203A25A2AA" && level==0} -index 0' command is executed.
16:57:55 INFO  : 'fpga -state' command is executed.
16:57:55 INFO  : Connected to target on host '127.0.0.1' and port '3121'.
16:57:55 INFO  : Jtag cable 'Digilent JTAG-SMT1 210203A25A2AA' is selected.
16:57:55 INFO  : 'jtag frequency' command is executed.
16:57:56 INFO  : Context for processor 'h_microblaze_microblaze_0' is selected.
16:57:56 INFO  : Processor reset is completed for 'h_microblaze_microblaze_0'.
16:57:56 INFO  : Context for processor 'h_microblaze_microblaze_0' is selected.
16:57:57 INFO  : The application 'C:/SharedProjects/Sadias_Directory/BERT/project_3/project_3.sdk/bert/Debug/bert.elf' is downloaded to processor 'h_microblaze_microblaze_0'.
16:57:57 INFO  : ----------------XSDB Script----------------
connect -url tcp:127.0.0.1:3121
targets -set -nocase -filter {name =~ "microblaze*#0" && bscan=="USER2"  && jtag_cable_name =~ "Digilent JTAG-SMT1 210203A25A2AA"} -index 0
rst -processor
targets -set -nocase -filter {name =~ "microblaze*#0" && bscan=="USER2"  && jtag_cable_name =~ "Digilent JTAG-SMT1 210203A25A2AA"} -index 0
dow C:/SharedProjects/Sadias_Directory/BERT/project_3/project_3.sdk/bert/Debug/bert.elf
----------------End of Script----------------

16:57:57 INFO  : Memory regions updated for context MicroBlaze #0
16:57:57 INFO  : Memory regions updated for context MicroBlaze Debug Module at USER2
16:57:58 INFO  : Context for processor 'h_microblaze_microblaze_0' is selected.
16:57:58 INFO  : 'con' command is executed.
16:57:58 INFO  : ----------------XSDB Script (After Launch)----------------
targets -set -nocase -filter {name =~ "microblaze*#0" && bscan=="USER2"  && jtag_cable_name =~ "Digilent JTAG-SMT1 210203A25A2AA"} -index 0
con
----------------End of Script----------------

16:57:58 INFO  : Launch script is exported to file 'C:\SharedProjects\Sadias_Directory\BERT\project_3\project_3.sdk\.sdk\launch_scripts\xilinx_c-c++_application_(system_debugger)\system_debugger_using_debug_bert.elf_on_local.tcl'
17:00:27 INFO  : Connected to target on host '127.0.0.1' and port '3121'.
17:00:27 INFO  : 'targets -set -filter {jtag_cable_name =~ "Digilent JTAG-SMT1 210203A25A2AA" && level==0} -index 0' command is executed.
17:00:39 INFO  : FPGA configured successfully with bitstream "C:/SharedProjects/Sadias_Directory/BERT/project_3/project_3.sdk/design_1_wrapper_hw_platform_0/download.bit"
17:01:06 INFO  : Disconnected from the channel tcfchan#1.
17:01:08 INFO  : 'targets -set -filter {jtag_cable_name =~ "Digilent JTAG-SMT1 210203A25A2AA" && level==0} -index 0' command is executed.
17:01:08 INFO  : 'fpga -state' command is executed.
17:01:08 INFO  : Connected to target on host '127.0.0.1' and port '3121'.
17:01:08 INFO  : Jtag cable 'Digilent JTAG-SMT1 210203A25A2AA' is selected.
17:01:08 INFO  : 'jtag frequency' command is executed.
17:01:08 INFO  : Context for processor 'h_microblaze_microblaze_0' is selected.
17:01:08 INFO  : Processor reset is completed for 'h_microblaze_microblaze_0'.
17:01:08 INFO  : Context for processor 'h_microblaze_microblaze_0' is selected.
17:01:08 INFO  : The application 'C:/SharedProjects/Sadias_Directory/BERT/project_3/project_3.sdk/bert/Debug/bert.elf' is downloaded to processor 'h_microblaze_microblaze_0'.
17:01:08 INFO  : ----------------XSDB Script----------------
connect -url tcp:127.0.0.1:3121
targets -set -nocase -filter {name =~ "microblaze*#0" && bscan=="USER2"  && jtag_cable_name =~ "Digilent JTAG-SMT1 210203A25A2AA"} -index 0
rst -processor
targets -set -nocase -filter {name =~ "microblaze*#0" && bscan=="USER2"  && jtag_cable_name =~ "Digilent JTAG-SMT1 210203A25A2AA"} -index 0
dow C:/SharedProjects/Sadias_Directory/BERT/project_3/project_3.sdk/bert/Debug/bert.elf
----------------End of Script----------------

17:01:08 INFO  : Memory regions updated for context MicroBlaze #0
17:01:08 INFO  : Memory regions updated for context MicroBlaze Debug Module at USER2
17:01:09 INFO  : Context for processor 'h_microblaze_microblaze_0' is selected.
17:01:09 INFO  : 'con' command is executed.
17:01:09 INFO  : ----------------XSDB Script (After Launch)----------------
targets -set -nocase -filter {name =~ "microblaze*#0" && bscan=="USER2"  && jtag_cable_name =~ "Digilent JTAG-SMT1 210203A25A2AA"} -index 0
con
----------------End of Script----------------

17:01:09 INFO  : Launch script is exported to file 'C:\SharedProjects\Sadias_Directory\BERT\project_3\project_3.sdk\.sdk\launch_scripts\xilinx_c-c++_application_(system_debugger)\system_debugger_using_debug_bert.elf_on_local.tcl'
17:08:25 INFO  : Disconnected from the channel tcfchan#2.
17:13:11 INFO  : Registering command handlers for SDK TCF services
17:13:12 INFO  : Launching XSCT server: xsct.bat -interactive C:\SharedProjects\Sadias_Directory\BERT\project_3\project_3.sdk\temp_xsdb_launch_script.tcl
17:13:16 INFO  : XSCT server has started successfully.
17:13:19 INFO  : Successfully done setting XSCT server connection channel  
17:13:19 INFO  : Successfully done setting SDK workspace  
17:13:19 INFO  : Processing command line option -hwspec C:/SharedProjects/Sadias_Directory/BERT/project_3/project_3.sdk/design_1_wrapper.hdf.
17:13:19 INFO  : Checking for hwspec changes in the project design_1_wrapper_hw_platform_1.
17:14:17 INFO  : 'targets -set -filter {jtag_cable_name =~ "Digilent JTAG-SMT1 210203A25A2AA" && level==0} -index 0' command is executed.
17:14:17 INFO  : 'fpga -state' command is executed.
17:14:17 INFO  : Connected to target on host '127.0.0.1' and port '3121'.
17:14:17 INFO  : Jtag cable 'Digilent JTAG-SMT1 210203A25A2AA' is selected.
17:14:17 INFO  : 'jtag frequency' command is executed.
17:14:18 INFO  : Context for processor 'h_microblaze_microblaze_0' is selected.
17:14:18 INFO  : Processor reset is completed for 'h_microblaze_microblaze_0'.
17:14:18 INFO  : Context for processor 'h_microblaze_microblaze_0' is selected.
17:14:19 INFO  : The application 'C:/SharedProjects/Sadias_Directory/BERT/project_3/project_3.sdk/bert/Debug/bert.elf' is downloaded to processor 'h_microblaze_microblaze_0'.
17:14:19 INFO  : ----------------XSDB Script----------------
connect -url tcp:127.0.0.1:3121
targets -set -nocase -filter {name =~ "microblaze*#0" && bscan=="USER2"  && jtag_cable_name =~ "Digilent JTAG-SMT1 210203A25A2AA"} -index 0
rst -processor
targets -set -nocase -filter {name =~ "microblaze*#0" && bscan=="USER2"  && jtag_cable_name =~ "Digilent JTAG-SMT1 210203A25A2AA"} -index 0
dow C:/SharedProjects/Sadias_Directory/BERT/project_3/project_3.sdk/bert/Debug/bert.elf
----------------End of Script----------------

17:14:19 INFO  : Memory regions updated for context MicroBlaze #0
17:14:19 INFO  : Memory regions updated for context MicroBlaze Debug Module at USER2
17:14:20 INFO  : Context for processor 'h_microblaze_microblaze_0' is selected.
17:14:20 INFO  : 'con' command is executed.
17:14:20 INFO  : ----------------XSDB Script (After Launch)----------------
targets -set -nocase -filter {name =~ "microblaze*#0" && bscan=="USER2"  && jtag_cable_name =~ "Digilent JTAG-SMT1 210203A25A2AA"} -index 0
con
----------------End of Script----------------

17:14:20 INFO  : Launch script is exported to file 'C:\SharedProjects\Sadias_Directory\BERT\project_3\project_3.sdk\.sdk\launch_scripts\xilinx_c-c++_application_(system_debugger)\system_debugger_using_debug_bert.elf_on_local.tcl'
17:15:33 INFO  : Connected to target on host '127.0.0.1' and port '3121'.
17:15:33 INFO  : 'targets -set -filter {jtag_cable_name =~ "Digilent JTAG-SMT1 210203A25A2AA" && level==0} -index 0' command is executed.
17:15:45 INFO  : FPGA configured successfully with bitstream "C:/SharedProjects/Sadias_Directory/BERT/project_3/project_3.sdk/design_1_wrapper_hw_platform_0/download.bit"
17:15:58 INFO  : Disconnected from the channel tcfchan#1.
17:15:59 INFO  : 'targets -set -filter {jtag_cable_name =~ "Digilent JTAG-SMT1 210203A25A2AA" && level==0} -index 0' command is executed.
17:15:59 INFO  : 'fpga -state' command is executed.
17:15:59 INFO  : Connected to target on host '127.0.0.1' and port '3121'.
17:15:59 INFO  : Jtag cable 'Digilent JTAG-SMT1 210203A25A2AA' is selected.
17:15:59 INFO  : 'jtag frequency' command is executed.
17:15:59 INFO  : Context for processor 'h_microblaze_microblaze_0' is selected.
17:15:59 INFO  : Processor reset is completed for 'h_microblaze_microblaze_0'.
17:15:59 INFO  : Context for processor 'h_microblaze_microblaze_0' is selected.
17:15:59 INFO  : The application 'C:/SharedProjects/Sadias_Directory/BERT/project_3/project_3.sdk/bert/Debug/bert.elf' is downloaded to processor 'h_microblaze_microblaze_0'.
17:15:59 INFO  : ----------------XSDB Script----------------
connect -url tcp:127.0.0.1:3121
targets -set -nocase -filter {name =~ "microblaze*#0" && bscan=="USER2"  && jtag_cable_name =~ "Digilent JTAG-SMT1 210203A25A2AA"} -index 0
rst -processor
targets -set -nocase -filter {name =~ "microblaze*#0" && bscan=="USER2"  && jtag_cable_name =~ "Digilent JTAG-SMT1 210203A25A2AA"} -index 0
dow C:/SharedProjects/Sadias_Directory/BERT/project_3/project_3.sdk/bert/Debug/bert.elf
----------------End of Script----------------

17:16:00 INFO  : Memory regions updated for context MicroBlaze #0
17:16:00 INFO  : Memory regions updated for context MicroBlaze Debug Module at USER2
17:16:00 INFO  : Context for processor 'h_microblaze_microblaze_0' is selected.
17:16:00 INFO  : 'con' command is executed.
17:16:00 INFO  : ----------------XSDB Script (After Launch)----------------
targets -set -nocase -filter {name =~ "microblaze*#0" && bscan=="USER2"  && jtag_cable_name =~ "Digilent JTAG-SMT1 210203A25A2AA"} -index 0
con
----------------End of Script----------------

17:16:00 INFO  : Launch script is exported to file 'C:\SharedProjects\Sadias_Directory\BERT\project_3\project_3.sdk\.sdk\launch_scripts\xilinx_c-c++_application_(system_debugger)\system_debugger_using_debug_bert.elf_on_local.tcl'
17:17:24 INFO  : Disconnected from the channel tcfchan#2.
17:17:25 INFO  : 'targets -set -filter {jtag_cable_name =~ "Digilent JTAG-SMT1 210203A25A2AA" && level==0} -index 0' command is executed.
17:17:25 INFO  : 'fpga -state' command is executed.
17:17:25 INFO  : Connected to target on host '127.0.0.1' and port '3121'.
17:17:25 INFO  : Jtag cable 'Digilent JTAG-SMT1 210203A25A2AA' is selected.
17:17:25 INFO  : 'jtag frequency' command is executed.
17:17:25 INFO  : Context for processor 'h_microblaze_microblaze_0' is selected.
17:17:26 INFO  : Processor reset is completed for 'h_microblaze_microblaze_0'.
17:17:26 INFO  : Context for processor 'h_microblaze_microblaze_0' is selected.
17:17:26 INFO  : The application 'C:/SharedProjects/Sadias_Directory/BERT/project_3/project_3.sdk/bert/Debug/bert.elf' is downloaded to processor 'h_microblaze_microblaze_0'.
17:17:26 INFO  : ----------------XSDB Script----------------
connect -url tcp:127.0.0.1:3121
targets -set -nocase -filter {name =~ "microblaze*#0" && bscan=="USER2"  && jtag_cable_name =~ "Digilent JTAG-SMT1 210203A25A2AA"} -index 0
rst -processor
targets -set -nocase -filter {name =~ "microblaze*#0" && bscan=="USER2"  && jtag_cable_name =~ "Digilent JTAG-SMT1 210203A25A2AA"} -index 0
dow C:/SharedProjects/Sadias_Directory/BERT/project_3/project_3.sdk/bert/Debug/bert.elf
----------------End of Script----------------

17:17:26 INFO  : Memory regions updated for context MicroBlaze #0
17:17:26 INFO  : Memory regions updated for context MicroBlaze Debug Module at USER2
17:17:26 INFO  : Context for processor 'h_microblaze_microblaze_0' is selected.
17:17:26 INFO  : 'con' command is executed.
17:17:26 INFO  : ----------------XSDB Script (After Launch)----------------
targets -set -nocase -filter {name =~ "microblaze*#0" && bscan=="USER2"  && jtag_cable_name =~ "Digilent JTAG-SMT1 210203A25A2AA"} -index 0
con
----------------End of Script----------------

17:17:26 INFO  : Launch script is exported to file 'C:\SharedProjects\Sadias_Directory\BERT\project_3\project_3.sdk\.sdk\launch_scripts\xilinx_c-c++_application_(system_debugger)\system_debugger_using_debug_bert.elf_on_local.tcl'
17:18:41 INFO  : Disconnected from the channel tcfchan#3.
17:18:42 INFO  : 'targets -set -filter {jtag_cable_name =~ "Digilent JTAG-SMT1 210203A25A2AA" && level==0} -index 0' command is executed.
17:18:42 INFO  : 'fpga -state' command is executed.
17:18:42 INFO  : Connected to target on host '127.0.0.1' and port '3121'.
17:18:42 INFO  : Jtag cable 'Digilent JTAG-SMT1 210203A25A2AA' is selected.
17:18:42 INFO  : 'jtag frequency' command is executed.
17:18:42 INFO  : Context for processor 'h_microblaze_microblaze_0' is selected.
17:18:42 INFO  : Processor reset is completed for 'h_microblaze_microblaze_0'.
17:18:42 INFO  : Context for processor 'h_microblaze_microblaze_0' is selected.
17:18:42 INFO  : The application 'C:/SharedProjects/Sadias_Directory/BERT/project_3/project_3.sdk/bert/Debug/bert.elf' is downloaded to processor 'h_microblaze_microblaze_0'.
17:18:42 INFO  : ----------------XSDB Script----------------
connect -url tcp:127.0.0.1:3121
targets -set -nocase -filter {name =~ "microblaze*#0" && bscan=="USER2"  && jtag_cable_name =~ "Digilent JTAG-SMT1 210203A25A2AA"} -index 0
rst -processor
targets -set -nocase -filter {name =~ "microblaze*#0" && bscan=="USER2"  && jtag_cable_name =~ "Digilent JTAG-SMT1 210203A25A2AA"} -index 0
dow C:/SharedProjects/Sadias_Directory/BERT/project_3/project_3.sdk/bert/Debug/bert.elf
----------------End of Script----------------

17:18:42 INFO  : Memory regions updated for context MicroBlaze #0
17:18:42 INFO  : Memory regions updated for context MicroBlaze Debug Module at USER2
17:18:42 INFO  : Context for processor 'h_microblaze_microblaze_0' is selected.
17:18:42 INFO  : 'con' command is executed.
17:18:42 INFO  : ----------------XSDB Script (After Launch)----------------
targets -set -nocase -filter {name =~ "microblaze*#0" && bscan=="USER2"  && jtag_cable_name =~ "Digilent JTAG-SMT1 210203A25A2AA"} -index 0
con
----------------End of Script----------------

17:18:42 INFO  : Launch script is exported to file 'C:\SharedProjects\Sadias_Directory\BERT\project_3\project_3.sdk\.sdk\launch_scripts\xilinx_c-c++_application_(system_debugger)\system_debugger_using_debug_bert.elf_on_local.tcl'
17:19:38 INFO  : Disconnected from the channel tcfchan#4.
17:21:00 INFO  : Registering command handlers for SDK TCF services
17:21:01 INFO  : Launching XSCT server: xsct.bat -interactive C:\SharedProjects\Sadias_Directory\BERT\project_3\project_3.sdk\temp_xsdb_launch_script.tcl
17:21:04 INFO  : XSCT server has started successfully.
17:21:04 INFO  : Successfully done setting XSCT server connection channel  
17:21:08 INFO  : Successfully done setting SDK workspace  
17:21:08 INFO  : Processing command line option -hwspec C:/SharedProjects/Sadias_Directory/BERT/project_3/project_3.sdk/design_1_wrapper.hdf.
17:21:08 INFO  : Checking for hwspec changes in the project design_1_wrapper_hw_platform_1.
12:53:22 INFO  : Registering command handlers for SDK TCF services
12:53:23 INFO  : Launching XSCT server: xsct.bat -interactive C:\SharedProjects\Sadias_Directory\BERT\project_3\project_3.sdk\temp_xsdb_launch_script.tcl
12:53:28 INFO  : XSCT server has started successfully.
12:53:44 INFO  : Successfully done setting XSCT server connection channel  
12:53:45 INFO  : Successfully done setting SDK workspace  
12:53:45 INFO  : Processing command line option -hwspec C:/SharedProjects/Sadias_Directory/BERT/project_3/project_3.sdk/design_1_wrapper.hdf.
12:53:45 INFO  : Checking for hwspec changes in the project design_1_wrapper_hw_platform_1.
12:58:31 INFO  : Connected to target on host '127.0.0.1' and port '3121'.
12:58:33 INFO  : 'targets -set -filter {jtag_cable_name =~ "Digilent JTAG-SMT1 210203A25A2AA" && level==0} -index 0' command is executed.
12:58:47 INFO  : FPGA configured successfully with bitstream "C:/SharedProjects/Sadias_Directory/BERT/project_3/project_3.sdk/design_1_wrapper_hw_platform_0/download.bit"
13:00:35 INFO  : Connected to target on host '127.0.0.1' and port '3121'.
13:00:35 INFO  : 'targets -set -filter {jtag_cable_name =~ "Digilent JTAG-SMT1 210203A25A2AA" && level==0} -index 0' command is executed.
13:00:47 INFO  : FPGA configured successfully with bitstream "C:/SharedProjects/Sadias_Directory/BERT/project_3/project_3.sdk/design_1_wrapper_hw_platform_0/download.bit"
13:00:57 INFO  : 'targets -set -filter {jtag_cable_name =~ "Digilent JTAG-SMT1 210203A25A2AA" && level==0} -index 0' command is executed.
13:00:57 INFO  : 'fpga -state' command is executed.
13:00:57 INFO  : Connected to target on host '127.0.0.1' and port '3121'.
13:00:57 INFO  : Jtag cable 'Digilent JTAG-SMT1 210203A25A2AA' is selected.
13:00:57 INFO  : 'jtag frequency' command is executed.
13:00:57 INFO  : Context for processor 'h_microblaze_microblaze_0' is selected.
13:00:57 INFO  : Processor reset is completed for 'h_microblaze_microblaze_0'.
13:00:57 INFO  : Context for processor 'h_microblaze_microblaze_0' is selected.
13:00:58 INFO  : The application 'C:/SharedProjects/Sadias_Directory/BERT/project_3/project_3.sdk/bert/Debug/bert.elf' is downloaded to processor 'h_microblaze_microblaze_0'.
13:00:58 INFO  : ----------------XSDB Script----------------
connect -url tcp:127.0.0.1:3121
targets -set -nocase -filter {name =~ "microblaze*#0" && bscan=="USER2"  && jtag_cable_name =~ "Digilent JTAG-SMT1 210203A25A2AA"} -index 0
rst -processor
targets -set -nocase -filter {name =~ "microblaze*#0" && bscan=="USER2"  && jtag_cable_name =~ "Digilent JTAG-SMT1 210203A25A2AA"} -index 0
dow C:/SharedProjects/Sadias_Directory/BERT/project_3/project_3.sdk/bert/Debug/bert.elf
----------------End of Script----------------

13:00:58 INFO  : Memory regions updated for context MicroBlaze #0
13:00:58 INFO  : Memory regions updated for context MicroBlaze Debug Module at USER2
13:00:58 INFO  : Context for processor 'h_microblaze_microblaze_0' is selected.
13:00:58 INFO  : 'con' command is executed.
13:00:58 INFO  : ----------------XSDB Script (After Launch)----------------
targets -set -nocase -filter {name =~ "microblaze*#0" && bscan=="USER2"  && jtag_cable_name =~ "Digilent JTAG-SMT1 210203A25A2AA"} -index 0
con
----------------End of Script----------------

13:00:58 INFO  : Launch script is exported to file 'C:\SharedProjects\Sadias_Directory\BERT\project_3\project_3.sdk\.sdk\launch_scripts\xilinx_c-c++_application_(system_debugger)\system_debugger_using_debug_bert.elf_on_local.tcl'
13:02:44 INFO  : Disconnected from the channel tcfchan#1.
13:02:45 INFO  : 'targets -set -filter {jtag_cable_name =~ "Digilent JTAG-SMT1 210203A25A2AA" && level==0} -index 0' command is executed.
13:02:45 INFO  : 'fpga -state' command is executed.
13:02:45 INFO  : Connected to target on host '127.0.0.1' and port '3121'.
13:02:45 INFO  : Jtag cable 'Digilent JTAG-SMT1 210203A25A2AA' is selected.
13:02:45 INFO  : 'jtag frequency' command is executed.
13:02:45 INFO  : Context for processor 'h_microblaze_microblaze_0' is selected.
13:02:45 INFO  : Processor reset is completed for 'h_microblaze_microblaze_0'.
13:02:45 INFO  : Context for processor 'h_microblaze_microblaze_0' is selected.
13:02:46 INFO  : The application 'C:/SharedProjects/Sadias_Directory/BERT/project_3/project_3.sdk/bert/Debug/bert.elf' is downloaded to processor 'h_microblaze_microblaze_0'.
13:02:46 INFO  : ----------------XSDB Script----------------
connect -url tcp:127.0.0.1:3121
targets -set -nocase -filter {name =~ "microblaze*#0" && bscan=="USER2"  && jtag_cable_name =~ "Digilent JTAG-SMT1 210203A25A2AA"} -index 0
rst -processor
targets -set -nocase -filter {name =~ "microblaze*#0" && bscan=="USER2"  && jtag_cable_name =~ "Digilent JTAG-SMT1 210203A25A2AA"} -index 0
dow C:/SharedProjects/Sadias_Directory/BERT/project_3/project_3.sdk/bert/Debug/bert.elf
----------------End of Script----------------

13:02:46 INFO  : Memory regions updated for context MicroBlaze #0
13:02:46 INFO  : Memory regions updated for context MicroBlaze Debug Module at USER2
13:02:46 INFO  : Context for processor 'h_microblaze_microblaze_0' is selected.
13:02:46 INFO  : 'con' command is executed.
13:02:46 INFO  : ----------------XSDB Script (After Launch)----------------
targets -set -nocase -filter {name =~ "microblaze*#0" && bscan=="USER2"  && jtag_cable_name =~ "Digilent JTAG-SMT1 210203A25A2AA"} -index 0
con
----------------End of Script----------------

13:02:46 INFO  : Launch script is exported to file 'C:\SharedProjects\Sadias_Directory\BERT\project_3\project_3.sdk\.sdk\launch_scripts\xilinx_c-c++_application_(system_debugger)\system_debugger_using_debug_bert.elf_on_local.tcl'
15:49:29 INFO  : Disconnected from the channel tcfchan#2.
15:49:30 INFO  : 'targets -set -filter {jtag_cable_name =~ "Digilent JTAG-SMT1 210203A25A2AA" && level==0} -index 0' command is executed.
15:49:30 INFO  : 'fpga -state' command is executed.
15:49:30 INFO  : Connected to target on host '127.0.0.1' and port '3121'.
15:49:30 INFO  : Jtag cable 'Digilent JTAG-SMT1 210203A25A2AA' is selected.
15:49:30 INFO  : 'jtag frequency' command is executed.
15:49:30 INFO  : Context for processor 'h_microblaze_microblaze_0' is selected.
15:49:30 INFO  : Processor reset is completed for 'h_microblaze_microblaze_0'.
15:49:30 INFO  : Context for processor 'h_microblaze_microblaze_0' is selected.
15:49:30 INFO  : The application 'C:/SharedProjects/Sadias_Directory/BERT/project_3/project_3.sdk/bert/Debug/bert.elf' is downloaded to processor 'h_microblaze_microblaze_0'.
15:49:30 INFO  : ----------------XSDB Script----------------
connect -url tcp:127.0.0.1:3121
targets -set -nocase -filter {name =~ "microblaze*#0" && bscan=="USER2"  && jtag_cable_name =~ "Digilent JTAG-SMT1 210203A25A2AA"} -index 0
rst -processor
targets -set -nocase -filter {name =~ "microblaze*#0" && bscan=="USER2"  && jtag_cable_name =~ "Digilent JTAG-SMT1 210203A25A2AA"} -index 0
dow C:/SharedProjects/Sadias_Directory/BERT/project_3/project_3.sdk/bert/Debug/bert.elf
----------------End of Script----------------

15:49:31 INFO  : Memory regions updated for context MicroBlaze #0
15:49:31 INFO  : Memory regions updated for context MicroBlaze Debug Module at USER2
15:49:31 INFO  : Context for processor 'h_microblaze_microblaze_0' is selected.
15:49:31 INFO  : 'con' command is executed.
15:49:31 INFO  : ----------------XSDB Script (After Launch)----------------
targets -set -nocase -filter {name =~ "microblaze*#0" && bscan=="USER2"  && jtag_cable_name =~ "Digilent JTAG-SMT1 210203A25A2AA"} -index 0
con
----------------End of Script----------------

15:49:31 INFO  : Launch script is exported to file 'C:\SharedProjects\Sadias_Directory\BERT\project_3\project_3.sdk\.sdk\launch_scripts\xilinx_c-c++_application_(system_debugger)\system_debugger_using_debug_bert.elf_on_local.tcl'
15:50:25 INFO  : Connected to target on host '127.0.0.1' and port '3121'.
15:50:25 INFO  : 'targets -set -filter {jtag_cable_name =~ "Digilent JTAG-SMT1 210203A25A2AA" && level==0} -index 0' command is executed.
15:50:37 INFO  : FPGA configured successfully with bitstream "C:/SharedProjects/Sadias_Directory/BERT/project_3/project_3.sdk/design_1_wrapper_hw_platform_0/download.bit"
15:52:21 INFO  : Connected to target on host '127.0.0.1' and port '3121'.
15:52:21 INFO  : 'targets -set -filter {jtag_cable_name =~ "Digilent JTAG-SMT1 210203A25A2AA" && level==0} -index 0' command is executed.
15:52:32 INFO  : FPGA configured successfully with bitstream "C:/SharedProjects/Sadias_Directory/BERT/project_3/project_3.sdk/design_1_wrapper_hw_platform_0/download.bit"
15:57:53 INFO  : Connected to target on host '127.0.0.1' and port '3121'.
15:57:53 INFO  : 'targets -set -filter {jtag_cable_name =~ "Digilent JTAG-SMT1 210203A25A2AA" && level==0} -index 0' command is executed.
15:58:05 INFO  : FPGA configured successfully with bitstream "C:/SharedProjects/Sadias_Directory/BERT/project_3/project_3.sdk/design_1_wrapper_hw_platform_0/download.bit"
15:59:29 INFO  : Disconnected from the channel tcfchan#3.
15:59:30 INFO  : 'targets -set -filter {jtag_cable_name =~ "Digilent JTAG-SMT1 210203A25A2AA" && level==0} -index 0' command is executed.
15:59:30 INFO  : 'fpga -state' command is executed.
15:59:30 INFO  : Connected to target on host '127.0.0.1' and port '3121'.
15:59:31 INFO  : Jtag cable 'Digilent JTAG-SMT1 210203A25A2AA' is selected.
15:59:31 INFO  : 'jtag frequency' command is executed.
15:59:31 INFO  : Context for processor 'h_microblaze_microblaze_0' is selected.
15:59:31 INFO  : Processor reset is completed for 'h_microblaze_microblaze_0'.
15:59:31 INFO  : Context for processor 'h_microblaze_microblaze_0' is selected.
15:59:32 INFO  : The application 'C:/SharedProjects/Sadias_Directory/BERT/project_3/project_3.sdk/bert/Debug/bert.elf' is downloaded to processor 'h_microblaze_microblaze_0'.
15:59:32 INFO  : ----------------XSDB Script----------------
connect -url tcp:127.0.0.1:3121
targets -set -nocase -filter {name =~ "microblaze*#0" && bscan=="USER2"  && jtag_cable_name =~ "Digilent JTAG-SMT1 210203A25A2AA"} -index 0
rst -processor
targets -set -nocase -filter {name =~ "microblaze*#0" && bscan=="USER2"  && jtag_cable_name =~ "Digilent JTAG-SMT1 210203A25A2AA"} -index 0
dow C:/SharedProjects/Sadias_Directory/BERT/project_3/project_3.sdk/bert/Debug/bert.elf
----------------End of Script----------------

15:59:32 INFO  : Memory regions updated for context MicroBlaze #0
15:59:32 INFO  : Memory regions updated for context MicroBlaze Debug Module at USER2
15:59:32 INFO  : Context for processor 'h_microblaze_microblaze_0' is selected.
15:59:32 INFO  : 'con' command is executed.
15:59:32 INFO  : ----------------XSDB Script (After Launch)----------------
targets -set -nocase -filter {name =~ "microblaze*#0" && bscan=="USER2"  && jtag_cable_name =~ "Digilent JTAG-SMT1 210203A25A2AA"} -index 0
con
----------------End of Script----------------

15:59:32 INFO  : Launch script is exported to file 'C:\SharedProjects\Sadias_Directory\BERT\project_3\project_3.sdk\.sdk\launch_scripts\xilinx_c-c++_application_(system_debugger)\system_debugger_using_debug_bert.elf_on_local.tcl'
16:06:12 INFO  : Disconnected from the channel tcfchan#4.
16:06:13 INFO  : 'targets -set -filter {jtag_cable_name =~ "Digilent JTAG-SMT1 210203A25A2AA" && level==0} -index 0' command is executed.
16:06:13 INFO  : 'fpga -state' command is executed.
16:06:13 INFO  : Connected to target on host '127.0.0.1' and port '3121'.
16:06:13 INFO  : Jtag cable 'Digilent JTAG-SMT1 210203A25A2AA' is selected.
16:06:13 INFO  : 'jtag frequency' command is executed.
16:06:13 INFO  : Context for processor 'h_microblaze_microblaze_0' is selected.
16:06:13 INFO  : Processor reset is completed for 'h_microblaze_microblaze_0'.
16:06:13 INFO  : Context for processor 'h_microblaze_microblaze_0' is selected.
16:06:14 INFO  : The application 'C:/SharedProjects/Sadias_Directory/BERT/project_3/project_3.sdk/bert/Debug/bert.elf' is downloaded to processor 'h_microblaze_microblaze_0'.
16:06:14 INFO  : ----------------XSDB Script----------------
connect -url tcp:127.0.0.1:3121
targets -set -nocase -filter {name =~ "microblaze*#0" && bscan=="USER2"  && jtag_cable_name =~ "Digilent JTAG-SMT1 210203A25A2AA"} -index 0
rst -processor
targets -set -nocase -filter {name =~ "microblaze*#0" && bscan=="USER2"  && jtag_cable_name =~ "Digilent JTAG-SMT1 210203A25A2AA"} -index 0
dow C:/SharedProjects/Sadias_Directory/BERT/project_3/project_3.sdk/bert/Debug/bert.elf
----------------End of Script----------------

16:06:14 INFO  : Memory regions updated for context MicroBlaze #0
16:06:14 INFO  : Memory regions updated for context MicroBlaze Debug Module at USER2
16:06:14 INFO  : Context for processor 'h_microblaze_microblaze_0' is selected.
16:06:14 INFO  : 'con' command is executed.
16:06:14 INFO  : ----------------XSDB Script (After Launch)----------------
targets -set -nocase -filter {name =~ "microblaze*#0" && bscan=="USER2"  && jtag_cable_name =~ "Digilent JTAG-SMT1 210203A25A2AA"} -index 0
con
----------------End of Script----------------

16:06:14 INFO  : Launch script is exported to file 'C:\SharedProjects\Sadias_Directory\BERT\project_3\project_3.sdk\.sdk\launch_scripts\xilinx_c-c++_application_(system_debugger)\system_debugger_using_debug_bert.elf_on_local.tcl'
16:07:26 INFO  : Disconnected from the channel tcfchan#5.
16:07:27 INFO  : 'targets -set -filter {jtag_cable_name =~ "Digilent JTAG-SMT1 210203A25A2AA" && level==0} -index 0' command is executed.
16:07:27 INFO  : 'fpga -state' command is executed.
16:07:27 INFO  : Connected to target on host '127.0.0.1' and port '3121'.
16:07:27 INFO  : Jtag cable 'Digilent JTAG-SMT1 210203A25A2AA' is selected.
16:07:27 INFO  : 'jtag frequency' command is executed.
16:07:27 INFO  : Context for processor 'h_microblaze_microblaze_0' is selected.
16:07:27 INFO  : Processor reset is completed for 'h_microblaze_microblaze_0'.
16:07:27 INFO  : Context for processor 'h_microblaze_microblaze_0' is selected.
16:07:27 INFO  : The application 'C:/SharedProjects/Sadias_Directory/BERT/project_3/project_3.sdk/bert/Debug/bert.elf' is downloaded to processor 'h_microblaze_microblaze_0'.
16:07:27 INFO  : ----------------XSDB Script----------------
connect -url tcp:127.0.0.1:3121
targets -set -nocase -filter {name =~ "microblaze*#0" && bscan=="USER2"  && jtag_cable_name =~ "Digilent JTAG-SMT1 210203A25A2AA"} -index 0
rst -processor
targets -set -nocase -filter {name =~ "microblaze*#0" && bscan=="USER2"  && jtag_cable_name =~ "Digilent JTAG-SMT1 210203A25A2AA"} -index 0
dow C:/SharedProjects/Sadias_Directory/BERT/project_3/project_3.sdk/bert/Debug/bert.elf
----------------End of Script----------------

16:07:27 INFO  : Memory regions updated for context MicroBlaze #0
16:07:27 INFO  : Memory regions updated for context MicroBlaze Debug Module at USER2
16:07:27 INFO  : Context for processor 'h_microblaze_microblaze_0' is selected.
16:07:27 INFO  : 'con' command is executed.
16:07:27 INFO  : ----------------XSDB Script (After Launch)----------------
targets -set -nocase -filter {name =~ "microblaze*#0" && bscan=="USER2"  && jtag_cable_name =~ "Digilent JTAG-SMT1 210203A25A2AA"} -index 0
con
----------------End of Script----------------

16:07:27 INFO  : Launch script is exported to file 'C:\SharedProjects\Sadias_Directory\BERT\project_3\project_3.sdk\.sdk\launch_scripts\xilinx_c-c++_application_(system_debugger)\system_debugger_using_debug_bert.elf_on_local.tcl'
16:31:41 INFO  : SDK has detected change in the last modified timestamps for source hardware specification file Source:1518214949092,  Project:1517267414952
16:31:41 INFO  : Project design_1_wrapper_hw_platform_1's source hardware specification located at C:/SharedProjects/Sadias_Directory/BERT/project_3/project_3.sdk/design_1_wrapper.hdf is now different from the local copy.
		 The local copy will be replaced with the source specification and your workspace will be updated.
16:31:42 INFO  : Copied contents of C:/SharedProjects/Sadias_Directory/BERT/project_3/project_3.sdk/design_1_wrapper.hdf into \design_1_wrapper_hw_platform_1\system.hdf.
16:31:42 INFO  : Synchronizing projects in the workspace with the hardware platform specification changes.
16:31:42 INFO  : Clearing existing target manager status.
16:31:44 INFO  : Workspace synchronized with the new hardware specification file. Cleaning dependent projects...
16:31:44 WARN  : Linker script will not be updated automatically. Users need to update it manually.
16:34:05 INFO  : Connected to target on host '127.0.0.1' and port '3121'.
16:34:05 INFO  : 'targets -set -filter {jtag_cable_name =~ "Digilent JTAG-SMT1 210203A25A2AA" && level==0} -index 0' command is executed.
16:34:17 INFO  : FPGA configured successfully with bitstream "C:/SharedProjects/Sadias_Directory/BERT/project_3/project_3.sdk/design_1_wrapper_hw_platform_0/download.bit"
16:34:27 INFO  : Disconnected from the channel tcfchan#6.
16:34:29 INFO  : 'targets -set -filter {jtag_cable_name =~ "Digilent JTAG-SMT1 210203A25A2AA" && level==0} -index 0' command is executed.
16:34:29 INFO  : 'fpga -state' command is executed.
16:34:29 INFO  : Connected to target on host '127.0.0.1' and port '3121'.
16:34:29 INFO  : Jtag cable 'Digilent JTAG-SMT1 210203A25A2AA' is selected.
16:34:29 INFO  : 'jtag frequency' command is executed.
16:34:29 INFO  : Context for processor 'h_microblaze_microblaze_0' is selected.
16:34:29 INFO  : Processor reset is completed for 'h_microblaze_microblaze_0'.
16:34:29 INFO  : Context for processor 'h_microblaze_microblaze_0' is selected.
16:34:30 INFO  : The application 'C:/SharedProjects/Sadias_Directory/BERT/project_3/project_3.sdk/bert/Debug/bert.elf' is downloaded to processor 'h_microblaze_microblaze_0'.
16:34:30 INFO  : ----------------XSDB Script----------------
connect -url tcp:127.0.0.1:3121
targets -set -nocase -filter {name =~ "microblaze*#0" && bscan=="USER2"  && jtag_cable_name =~ "Digilent JTAG-SMT1 210203A25A2AA"} -index 0
rst -processor
targets -set -nocase -filter {name =~ "microblaze*#0" && bscan=="USER2"  && jtag_cable_name =~ "Digilent JTAG-SMT1 210203A25A2AA"} -index 0
dow C:/SharedProjects/Sadias_Directory/BERT/project_3/project_3.sdk/bert/Debug/bert.elf
----------------End of Script----------------

16:34:30 INFO  : Memory regions updated for context MicroBlaze #0
16:34:30 INFO  : Memory regions updated for context MicroBlaze Debug Module at USER2
16:34:30 INFO  : Context for processor 'h_microblaze_microblaze_0' is selected.
16:34:30 INFO  : 'con' command is executed.
16:34:30 INFO  : ----------------XSDB Script (After Launch)----------------
targets -set -nocase -filter {name =~ "microblaze*#0" && bscan=="USER2"  && jtag_cable_name =~ "Digilent JTAG-SMT1 210203A25A2AA"} -index 0
con
----------------End of Script----------------

16:34:30 INFO  : Launch script is exported to file 'C:\SharedProjects\Sadias_Directory\BERT\project_3\project_3.sdk\.sdk\launch_scripts\xilinx_c-c++_application_(system_debugger)\system_debugger_using_debug_bert.elf_on_local.tcl'
16:46:59 INFO  : Disconnected from the channel tcfchan#7.
16:47:00 INFO  : 'targets -set -filter {jtag_cable_name =~ "Digilent JTAG-SMT1 210203A25A2AA" && level==0} -index 0' command is executed.
16:47:00 INFO  : 'fpga -state' command is executed.
16:47:00 INFO  : Connected to target on host '127.0.0.1' and port '3121'.
16:47:00 INFO  : Jtag cable 'Digilent JTAG-SMT1 210203A25A2AA' is selected.
16:47:00 INFO  : 'jtag frequency' command is executed.
16:47:00 INFO  : Context for processor 'h_microblaze_microblaze_0' is selected.
16:47:00 INFO  : Processor reset is completed for 'h_microblaze_microblaze_0'.
16:47:00 INFO  : Context for processor 'h_microblaze_microblaze_0' is selected.
16:47:00 INFO  : The application 'C:/SharedProjects/Sadias_Directory/BERT/project_3/project_3.sdk/bert/Debug/bert.elf' is downloaded to processor 'h_microblaze_microblaze_0'.
16:47:00 INFO  : ----------------XSDB Script----------------
connect -url tcp:127.0.0.1:3121
targets -set -nocase -filter {name =~ "microblaze*#0" && bscan=="USER2"  && jtag_cable_name =~ "Digilent JTAG-SMT1 210203A25A2AA"} -index 0
rst -processor
targets -set -nocase -filter {name =~ "microblaze*#0" && bscan=="USER2"  && jtag_cable_name =~ "Digilent JTAG-SMT1 210203A25A2AA"} -index 0
dow C:/SharedProjects/Sadias_Directory/BERT/project_3/project_3.sdk/bert/Debug/bert.elf
----------------End of Script----------------

16:47:00 INFO  : Memory regions updated for context MicroBlaze #0
16:47:00 INFO  : Memory regions updated for context MicroBlaze Debug Module at USER2
16:47:00 INFO  : Context for processor 'h_microblaze_microblaze_0' is selected.
16:47:00 INFO  : 'con' command is executed.
16:47:00 INFO  : ----------------XSDB Script (After Launch)----------------
targets -set -nocase -filter {name =~ "microblaze*#0" && bscan=="USER2"  && jtag_cable_name =~ "Digilent JTAG-SMT1 210203A25A2AA"} -index 0
con
----------------End of Script----------------

16:47:00 INFO  : Launch script is exported to file 'C:\SharedProjects\Sadias_Directory\BERT\project_3\project_3.sdk\.sdk\launch_scripts\xilinx_c-c++_application_(system_debugger)\system_debugger_using_debug_bert.elf_on_local.tcl'
16:47:31 INFO  : Disconnected from the channel tcfchan#8.
16:47:32 INFO  : 'targets -set -filter {jtag_cable_name =~ "Digilent JTAG-SMT1 210203A25A2AA" && level==0} -index 0' command is executed.
16:47:32 INFO  : 'fpga -state' command is executed.
16:47:32 INFO  : Connected to target on host '127.0.0.1' and port '3121'.
16:47:32 INFO  : Jtag cable 'Digilent JTAG-SMT1 210203A25A2AA' is selected.
16:47:32 INFO  : 'jtag frequency' command is executed.
16:47:32 INFO  : Context for processor 'h_microblaze_microblaze_0' is selected.
16:47:32 INFO  : Processor reset is completed for 'h_microblaze_microblaze_0'.
16:47:32 INFO  : Context for processor 'h_microblaze_microblaze_0' is selected.
16:47:32 INFO  : The application 'C:/SharedProjects/Sadias_Directory/BERT/project_3/project_3.sdk/bert/Debug/bert.elf' is downloaded to processor 'h_microblaze_microblaze_0'.
16:47:32 INFO  : ----------------XSDB Script----------------
connect -url tcp:127.0.0.1:3121
targets -set -nocase -filter {name =~ "microblaze*#0" && bscan=="USER2"  && jtag_cable_name =~ "Digilent JTAG-SMT1 210203A25A2AA"} -index 0
rst -processor
targets -set -nocase -filter {name =~ "microblaze*#0" && bscan=="USER2"  && jtag_cable_name =~ "Digilent JTAG-SMT1 210203A25A2AA"} -index 0
dow C:/SharedProjects/Sadias_Directory/BERT/project_3/project_3.sdk/bert/Debug/bert.elf
----------------End of Script----------------

16:47:32 INFO  : Memory regions updated for context MicroBlaze #0
16:47:32 INFO  : Memory regions updated for context MicroBlaze Debug Module at USER2
16:47:32 INFO  : Context for processor 'h_microblaze_microblaze_0' is selected.
16:47:32 INFO  : 'con' command is executed.
16:47:32 INFO  : ----------------XSDB Script (After Launch)----------------
targets -set -nocase -filter {name =~ "microblaze*#0" && bscan=="USER2"  && jtag_cable_name =~ "Digilent JTAG-SMT1 210203A25A2AA"} -index 0
con
----------------End of Script----------------

16:47:32 INFO  : Launch script is exported to file 'C:\SharedProjects\Sadias_Directory\BERT\project_3\project_3.sdk\.sdk\launch_scripts\xilinx_c-c++_application_(system_debugger)\system_debugger_using_debug_bert.elf_on_local.tcl'
16:52:52 INFO  : Disconnected from the channel tcfchan#9.
16:52:53 INFO  : 'targets -set -filter {jtag_cable_name =~ "Digilent JTAG-SMT1 210203A25A2AA" && level==0} -index 0' command is executed.
16:52:53 INFO  : 'fpga -state' command is executed.
16:52:53 INFO  : Connected to target on host '127.0.0.1' and port '3121'.
16:52:54 INFO  : Jtag cable 'Digilent JTAG-SMT1 210203A25A2AA' is selected.
16:52:54 INFO  : 'jtag frequency' command is executed.
16:52:54 INFO  : Context for processor 'h_microblaze_microblaze_0' is selected.
16:52:54 INFO  : Processor reset is completed for 'h_microblaze_microblaze_0'.
16:52:54 INFO  : Context for processor 'h_microblaze_microblaze_0' is selected.
16:52:54 INFO  : The application 'C:/SharedProjects/Sadias_Directory/BERT/project_3/project_3.sdk/bert/Debug/bert.elf' is downloaded to processor 'h_microblaze_microblaze_0'.
16:52:54 INFO  : ----------------XSDB Script----------------
connect -url tcp:127.0.0.1:3121
targets -set -nocase -filter {name =~ "microblaze*#0" && bscan=="USER2"  && jtag_cable_name =~ "Digilent JTAG-SMT1 210203A25A2AA"} -index 0
rst -processor
targets -set -nocase -filter {name =~ "microblaze*#0" && bscan=="USER2"  && jtag_cable_name =~ "Digilent JTAG-SMT1 210203A25A2AA"} -index 0
dow C:/SharedProjects/Sadias_Directory/BERT/project_3/project_3.sdk/bert/Debug/bert.elf
----------------End of Script----------------

16:52:54 INFO  : Memory regions updated for context MicroBlaze #0
16:52:54 INFO  : Memory regions updated for context MicroBlaze Debug Module at USER2
16:52:54 INFO  : Context for processor 'h_microblaze_microblaze_0' is selected.
16:52:54 INFO  : 'con' command is executed.
16:52:54 INFO  : ----------------XSDB Script (After Launch)----------------
targets -set -nocase -filter {name =~ "microblaze*#0" && bscan=="USER2"  && jtag_cable_name =~ "Digilent JTAG-SMT1 210203A25A2AA"} -index 0
con
----------------End of Script----------------

16:52:54 INFO  : Launch script is exported to file 'C:\SharedProjects\Sadias_Directory\BERT\project_3\project_3.sdk\.sdk\launch_scripts\xilinx_c-c++_application_(system_debugger)\system_debugger_using_debug_bert.elf_on_local.tcl'
16:57:13 INFO  : Disconnected from the channel tcfchan#10.
16:57:14 INFO  : 'targets -set -filter {jtag_cable_name =~ "Digilent JTAG-SMT1 210203A25A2AA" && level==0} -index 0' command is executed.
16:57:14 INFO  : 'fpga -state' command is executed.
16:57:14 INFO  : Connected to target on host '127.0.0.1' and port '3121'.
16:57:14 INFO  : Jtag cable 'Digilent JTAG-SMT1 210203A25A2AA' is selected.
16:57:14 INFO  : 'jtag frequency' command is executed.
16:57:14 INFO  : Context for processor 'h_microblaze_microblaze_0' is selected.
16:57:14 INFO  : Processor reset is completed for 'h_microblaze_microblaze_0'.
16:57:14 INFO  : Context for processor 'h_microblaze_microblaze_0' is selected.
16:57:14 INFO  : The application 'C:/SharedProjects/Sadias_Directory/BERT/project_3/project_3.sdk/bert/Debug/bert.elf' is downloaded to processor 'h_microblaze_microblaze_0'.
16:57:14 INFO  : ----------------XSDB Script----------------
connect -url tcp:127.0.0.1:3121
targets -set -nocase -filter {name =~ "microblaze*#0" && bscan=="USER2"  && jtag_cable_name =~ "Digilent JTAG-SMT1 210203A25A2AA"} -index 0
rst -processor
targets -set -nocase -filter {name =~ "microblaze*#0" && bscan=="USER2"  && jtag_cable_name =~ "Digilent JTAG-SMT1 210203A25A2AA"} -index 0
dow C:/SharedProjects/Sadias_Directory/BERT/project_3/project_3.sdk/bert/Debug/bert.elf
----------------End of Script----------------

16:57:14 INFO  : Memory regions updated for context MicroBlaze #0
16:57:14 INFO  : Memory regions updated for context MicroBlaze Debug Module at USER2
16:57:14 INFO  : Context for processor 'h_microblaze_microblaze_0' is selected.
16:57:14 INFO  : 'con' command is executed.
16:57:14 INFO  : ----------------XSDB Script (After Launch)----------------
targets -set -nocase -filter {name =~ "microblaze*#0" && bscan=="USER2"  && jtag_cable_name =~ "Digilent JTAG-SMT1 210203A25A2AA"} -index 0
con
----------------End of Script----------------

16:57:14 INFO  : Launch script is exported to file 'C:\SharedProjects\Sadias_Directory\BERT\project_3\project_3.sdk\.sdk\launch_scripts\xilinx_c-c++_application_(system_debugger)\system_debugger_using_debug_bert.elf_on_local.tcl'
17:13:37 INFO  : Disconnected from the channel tcfchan#11.
17:13:38 INFO  : 'targets -set -filter {jtag_cable_name =~ "Digilent JTAG-SMT1 210203A25A2AA" && level==0} -index 0' command is executed.
17:13:38 INFO  : 'fpga -state' command is executed.
17:13:38 INFO  : Connected to target on host '127.0.0.1' and port '3121'.
17:13:38 INFO  : Jtag cable 'Digilent JTAG-SMT1 210203A25A2AA' is selected.
17:13:38 INFO  : 'jtag frequency' command is executed.
17:13:38 INFO  : Context for processor 'h_microblaze_microblaze_0' is selected.
17:13:39 INFO  : Processor reset is completed for 'h_microblaze_microblaze_0'.
17:13:39 INFO  : Context for processor 'h_microblaze_microblaze_0' is selected.
17:13:39 INFO  : The application 'C:/SharedProjects/Sadias_Directory/BERT/project_3/project_3.sdk/bert/Debug/bert.elf' is downloaded to processor 'h_microblaze_microblaze_0'.
17:13:39 INFO  : ----------------XSDB Script----------------
connect -url tcp:127.0.0.1:3121
targets -set -nocase -filter {name =~ "microblaze*#0" && bscan=="USER2"  && jtag_cable_name =~ "Digilent JTAG-SMT1 210203A25A2AA"} -index 0
rst -processor
targets -set -nocase -filter {name =~ "microblaze*#0" && bscan=="USER2"  && jtag_cable_name =~ "Digilent JTAG-SMT1 210203A25A2AA"} -index 0
dow C:/SharedProjects/Sadias_Directory/BERT/project_3/project_3.sdk/bert/Debug/bert.elf
----------------End of Script----------------

17:13:39 INFO  : Memory regions updated for context MicroBlaze #0
17:13:39 INFO  : Memory regions updated for context MicroBlaze Debug Module at USER2
17:13:39 INFO  : Context for processor 'h_microblaze_microblaze_0' is selected.
17:13:39 INFO  : 'con' command is executed.
17:13:39 INFO  : ----------------XSDB Script (After Launch)----------------
targets -set -nocase -filter {name =~ "microblaze*#0" && bscan=="USER2"  && jtag_cable_name =~ "Digilent JTAG-SMT1 210203A25A2AA"} -index 0
con
----------------End of Script----------------

17:13:39 INFO  : Launch script is exported to file 'C:\SharedProjects\Sadias_Directory\BERT\project_3\project_3.sdk\.sdk\launch_scripts\xilinx_c-c++_application_(system_debugger)\system_debugger_using_debug_bert.elf_on_local.tcl'
17:13:52 INFO  : Disconnected from the channel tcfchan#12.
17:13:52 ERROR : Unexpected error while parsing XMD response ?: com.google.gson.JsonSyntaxException: com.google.gson.stream.MalformedJsonException: invalid number or unquoted string near 
11:57:29 INFO  : Registering command handlers for SDK TCF services
11:57:30 INFO  : Launching XSCT server: xsct.bat -interactive C:\SharedProjects\Sadias_Directory\BERT\project_3\project_3.sdk\temp_xsdb_launch_script.tcl
11:57:37 INFO  : XSCT server has started successfully.
11:58:02 INFO  : Successfully done setting XSCT server connection channel  
11:58:02 INFO  : Successfully done setting SDK workspace  
11:58:02 INFO  : Processing command line option -hwspec C:/SharedProjects/Sadias_Directory/BERT/project_3/project_3.sdk/design_1_wrapper.hdf.
11:58:02 INFO  : Checking for hwspec changes in the project design_1_wrapper_hw_platform_1.
12:06:30 INFO  : 'targets -set -filter {jtag_cable_name =~ "Digilent JTAG-SMT1 210203A25A2AA" && level==0} -index 0' command is executed.
12:06:30 INFO  : 'fpga -state' command is executed.
12:06:30 INFO  : Connected to target on host '127.0.0.1' and port '3121'.
12:06:30 INFO  : Jtag cable 'Digilent JTAG-SMT1 210203A25A2AA' is selected.
12:06:30 INFO  : 'jtag frequency' command is executed.
12:06:31 INFO  : Context for processor 'h_microblaze_microblaze_0' is selected.
12:06:31 INFO  : Processor reset is completed for 'h_microblaze_microblaze_0'.
12:06:32 INFO  : Context for processor 'h_microblaze_microblaze_0' is selected.
12:06:32 INFO  : The application 'C:/SharedProjects/Sadias_Directory/BERT/project_3/project_3.sdk/bert/Debug/bert.elf' is downloaded to processor 'h_microblaze_microblaze_0'.
12:06:32 INFO  : ----------------XSDB Script----------------
connect -url tcp:127.0.0.1:3121
targets -set -nocase -filter {name =~ "microblaze*#0" && bscan=="USER2"  && jtag_cable_name =~ "Digilent JTAG-SMT1 210203A25A2AA"} -index 0
rst -processor
targets -set -nocase -filter {name =~ "microblaze*#0" && bscan=="USER2"  && jtag_cable_name =~ "Digilent JTAG-SMT1 210203A25A2AA"} -index 0
dow C:/SharedProjects/Sadias_Directory/BERT/project_3/project_3.sdk/bert/Debug/bert.elf
----------------End of Script----------------

12:06:32 INFO  : Memory regions updated for context MicroBlaze #0
12:06:32 INFO  : Memory regions updated for context MicroBlaze Debug Module at USER2
12:06:33 INFO  : Context for processor 'h_microblaze_microblaze_0' is selected.
12:06:33 INFO  : 'con' command is executed.
12:06:33 INFO  : ----------------XSDB Script (After Launch)----------------
targets -set -nocase -filter {name =~ "microblaze*#0" && bscan=="USER2"  && jtag_cable_name =~ "Digilent JTAG-SMT1 210203A25A2AA"} -index 0
con
----------------End of Script----------------

12:06:33 INFO  : Launch script is exported to file 'C:\SharedProjects\Sadias_Directory\BERT\project_3\project_3.sdk\.sdk\launch_scripts\xilinx_c-c++_application_(system_debugger)\system_debugger_using_debug_bert.elf_on_local.tcl'
12:07:22 INFO  : Connected to target on host '127.0.0.1' and port '3121'.
12:07:22 INFO  : 'targets -set -filter {jtag_cable_name =~ "Digilent JTAG-SMT1 210203A25A2AA" && level==0} -index 0' command is executed.
12:07:34 INFO  : FPGA configured successfully with bitstream "C:/SharedProjects/Sadias_Directory/BERT/project_3/project_3.sdk/design_1_wrapper_hw_platform_0/download.bit"
12:09:00 INFO  : Disconnected from the channel tcfchan#1.
12:09:01 INFO  : 'targets -set -filter {jtag_cable_name =~ "Digilent JTAG-SMT1 210203A25A2AA" && level==0} -index 0' command is executed.
12:09:01 INFO  : 'fpga -state' command is executed.
12:09:01 INFO  : Connected to target on host '127.0.0.1' and port '3121'.
12:09:02 INFO  : Jtag cable 'Digilent JTAG-SMT1 210203A25A2AA' is selected.
12:09:02 INFO  : 'jtag frequency' command is executed.
12:09:02 INFO  : Context for processor 'h_microblaze_microblaze_0' is selected.
12:09:02 INFO  : Processor reset is completed for 'h_microblaze_microblaze_0'.
12:09:02 INFO  : Context for processor 'h_microblaze_microblaze_0' is selected.
12:09:02 INFO  : The application 'C:/SharedProjects/Sadias_Directory/BERT/project_3/project_3.sdk/bert/Debug/bert.elf' is downloaded to processor 'h_microblaze_microblaze_0'.
12:09:02 INFO  : ----------------XSDB Script----------------
connect -url tcp:127.0.0.1:3121
targets -set -nocase -filter {name =~ "microblaze*#0" && bscan=="USER2"  && jtag_cable_name =~ "Digilent JTAG-SMT1 210203A25A2AA"} -index 0
rst -processor
targets -set -nocase -filter {name =~ "microblaze*#0" && bscan=="USER2"  && jtag_cable_name =~ "Digilent JTAG-SMT1 210203A25A2AA"} -index 0
dow C:/SharedProjects/Sadias_Directory/BERT/project_3/project_3.sdk/bert/Debug/bert.elf
----------------End of Script----------------

12:09:02 INFO  : Memory regions updated for context MicroBlaze #0
12:09:02 INFO  : Memory regions updated for context MicroBlaze Debug Module at USER2
12:09:02 INFO  : Context for processor 'h_microblaze_microblaze_0' is selected.
12:09:02 INFO  : 'con' command is executed.
12:09:02 INFO  : ----------------XSDB Script (After Launch)----------------
targets -set -nocase -filter {name =~ "microblaze*#0" && bscan=="USER2"  && jtag_cable_name =~ "Digilent JTAG-SMT1 210203A25A2AA"} -index 0
con
----------------End of Script----------------

12:09:02 INFO  : Launch script is exported to file 'C:\SharedProjects\Sadias_Directory\BERT\project_3\project_3.sdk\.sdk\launch_scripts\xilinx_c-c++_application_(system_debugger)\system_debugger_using_debug_bert.elf_on_local.tcl'
12:41:46 INFO  : Disconnected from the channel tcfchan#2.
12:41:47 INFO  : 'targets -set -filter {jtag_cable_name =~ "Digilent JTAG-SMT1 210203A25A2AA" && level==0} -index 0' command is executed.
12:41:47 INFO  : 'fpga -state' command is executed.
12:41:47 INFO  : Connected to target on host '127.0.0.1' and port '3121'.
12:41:47 INFO  : Jtag cable 'Digilent JTAG-SMT1 210203A25A2AA' is selected.
12:41:47 INFO  : 'jtag frequency' command is executed.
12:41:47 INFO  : Context for processor 'h_microblaze_microblaze_0' is selected.
12:41:47 INFO  : Processor reset is completed for 'h_microblaze_microblaze_0'.
12:41:47 INFO  : Context for processor 'h_microblaze_microblaze_0' is selected.
12:41:48 INFO  : The application 'C:/SharedProjects/Sadias_Directory/BERT/project_3/project_3.sdk/bert/Debug/bert.elf' is downloaded to processor 'h_microblaze_microblaze_0'.
12:41:48 INFO  : ----------------XSDB Script----------------
connect -url tcp:127.0.0.1:3121
targets -set -nocase -filter {name =~ "microblaze*#0" && bscan=="USER2"  && jtag_cable_name =~ "Digilent JTAG-SMT1 210203A25A2AA"} -index 0
rst -processor
targets -set -nocase -filter {name =~ "microblaze*#0" && bscan=="USER2"  && jtag_cable_name =~ "Digilent JTAG-SMT1 210203A25A2AA"} -index 0
dow C:/SharedProjects/Sadias_Directory/BERT/project_3/project_3.sdk/bert/Debug/bert.elf
----------------End of Script----------------

12:41:48 INFO  : Memory regions updated for context MicroBlaze #0
12:41:48 INFO  : Memory regions updated for context MicroBlaze Debug Module at USER2
12:41:48 INFO  : Context for processor 'h_microblaze_microblaze_0' is selected.
12:41:48 INFO  : 'con' command is executed.
12:41:48 INFO  : ----------------XSDB Script (After Launch)----------------
targets -set -nocase -filter {name =~ "microblaze*#0" && bscan=="USER2"  && jtag_cable_name =~ "Digilent JTAG-SMT1 210203A25A2AA"} -index 0
con
----------------End of Script----------------

12:41:48 INFO  : Launch script is exported to file 'C:\SharedProjects\Sadias_Directory\BERT\project_3\project_3.sdk\.sdk\launch_scripts\xilinx_c-c++_application_(system_debugger)\system_debugger_using_debug_bert.elf_on_local.tcl'
12:42:03 INFO  : Disconnected from the channel tcfchan#3.
12:42:04 INFO  : 'targets -set -filter {jtag_cable_name =~ "Digilent JTAG-SMT1 210203A25A2AA" && level==0} -index 0' command is executed.
12:42:04 INFO  : 'fpga -state' command is executed.
12:42:05 INFO  : Connected to target on host '127.0.0.1' and port '3121'.
12:42:05 INFO  : Jtag cable 'Digilent JTAG-SMT1 210203A25A2AA' is selected.
12:42:05 INFO  : 'jtag frequency' command is executed.
12:42:05 INFO  : Context for processor 'h_microblaze_microblaze_0' is selected.
12:42:05 INFO  : Processor reset is completed for 'h_microblaze_microblaze_0'.
12:42:05 INFO  : Context for processor 'h_microblaze_microblaze_0' is selected.
12:42:05 INFO  : The application 'C:/SharedProjects/Sadias_Directory/BERT/project_3/project_3.sdk/bert/Debug/bert.elf' is downloaded to processor 'h_microblaze_microblaze_0'.
12:42:05 INFO  : ----------------XSDB Script----------------
connect -url tcp:127.0.0.1:3121
targets -set -nocase -filter {name =~ "microblaze*#0" && bscan=="USER2"  && jtag_cable_name =~ "Digilent JTAG-SMT1 210203A25A2AA"} -index 0
rst -processor
targets -set -nocase -filter {name =~ "microblaze*#0" && bscan=="USER2"  && jtag_cable_name =~ "Digilent JTAG-SMT1 210203A25A2AA"} -index 0
dow C:/SharedProjects/Sadias_Directory/BERT/project_3/project_3.sdk/bert/Debug/bert.elf
----------------End of Script----------------

12:42:05 INFO  : Memory regions updated for context MicroBlaze #0
12:42:05 INFO  : Memory regions updated for context MicroBlaze Debug Module at USER2
12:42:05 INFO  : Context for processor 'h_microblaze_microblaze_0' is selected.
12:42:05 INFO  : 'con' command is executed.
12:42:05 INFO  : ----------------XSDB Script (After Launch)----------------
targets -set -nocase -filter {name =~ "microblaze*#0" && bscan=="USER2"  && jtag_cable_name =~ "Digilent JTAG-SMT1 210203A25A2AA"} -index 0
con
----------------End of Script----------------

12:42:05 INFO  : Launch script is exported to file 'C:\SharedProjects\Sadias_Directory\BERT\project_3\project_3.sdk\.sdk\launch_scripts\xilinx_c-c++_application_(system_debugger)\system_debugger_using_debug_bert.elf_on_local.tcl'
12:44:41 INFO  : Connected to target on host '127.0.0.1' and port '3121'.
12:44:41 INFO  : 'targets -set -filter {jtag_cable_name =~ "Digilent JTAG-SMT1 210203A25A2AA" && level==0} -index 0' command is executed.
12:44:53 INFO  : FPGA configured successfully with bitstream "C:/SharedProjects/Sadias_Directory/BERT/project_3/project_3.sdk/design_1_wrapper_hw_platform_0/download.bit"
16:19:24 INFO  : Disconnected from the channel tcfchan#4.
16:19:25 INFO  : 'targets -set -filter {jtag_cable_name =~ "Digilent JTAG-SMT1 210203A25A2AA" && level==0} -index 0' command is executed.
16:19:25 INFO  : 'fpga -state' command is executed.
16:19:25 INFO  : Connected to target on host '127.0.0.1' and port '3121'.
16:19:26 INFO  : Jtag cable 'Digilent JTAG-SMT1 210203A25A2AA' is selected.
16:19:26 INFO  : 'jtag frequency' command is executed.
16:19:26 INFO  : Context for processor 'h_microblaze_microblaze_0' is selected.
16:19:26 INFO  : Processor reset is completed for 'h_microblaze_microblaze_0'.
16:19:26 INFO  : Context for processor 'h_microblaze_microblaze_0' is selected.
16:19:26 INFO  : The application 'C:/SharedProjects/Sadias_Directory/BERT/project_3/project_3.sdk/bert/Debug/bert.elf' is downloaded to processor 'h_microblaze_microblaze_0'.
16:19:26 INFO  : ----------------XSDB Script----------------
connect -url tcp:127.0.0.1:3121
targets -set -nocase -filter {name =~ "microblaze*#0" && bscan=="USER2"  && jtag_cable_name =~ "Digilent JTAG-SMT1 210203A25A2AA"} -index 0
rst -processor
targets -set -nocase -filter {name =~ "microblaze*#0" && bscan=="USER2"  && jtag_cable_name =~ "Digilent JTAG-SMT1 210203A25A2AA"} -index 0
dow C:/SharedProjects/Sadias_Directory/BERT/project_3/project_3.sdk/bert/Debug/bert.elf
----------------End of Script----------------

16:19:26 INFO  : Memory regions updated for context MicroBlaze #0
16:19:26 INFO  : Memory regions updated for context MicroBlaze Debug Module at USER2
16:19:26 INFO  : Context for processor 'h_microblaze_microblaze_0' is selected.
16:19:26 INFO  : 'con' command is executed.
16:19:26 INFO  : ----------------XSDB Script (After Launch)----------------
targets -set -nocase -filter {name =~ "microblaze*#0" && bscan=="USER2"  && jtag_cable_name =~ "Digilent JTAG-SMT1 210203A25A2AA"} -index 0
con
----------------End of Script----------------

16:19:26 INFO  : Launch script is exported to file 'C:\SharedProjects\Sadias_Directory\BERT\project_3\project_3.sdk\.sdk\launch_scripts\xilinx_c-c++_application_(system_debugger)\system_debugger_using_debug_bert.elf_on_local.tcl'
16:55:47 INFO  : Disconnected from the channel tcfchan#5.
