
*** Running vivado
    with args -log design_1_xbar_0.vds -m64 -product Vivado -mode batch -messageDb vivado.pb -notrace -source design_1_xbar_0.tcl


****** Vivado v2017.2 (64-bit)
  **** SW Build 1909853 on Thu Jun 15 18:39:09 MDT 2017
  **** IP Build 1909766 on Thu Jun 15 19:58:00 MDT 2017
    ** Copyright 1986-2017 Xilinx, Inc. All Rights Reserved.

source design_1_xbar_0.tcl -notrace
Starting RTL Elaboration : Time (s): cpu = 00:00:09 ; elapsed = 00:00:10 . Memory (MB): peak = 340.891 ; gain = 79.270
INFO: [Synth 8-638] synthesizing module 'design_1_xbar_0' [d:/Projects/Bean/BERT/project_3/project_3.srcs/sources_1/bd/design_1/ip/design_1_xbar_0/synth/design_1_xbar_0.v:59]
INFO: [Synth 8-638] synthesizing module 'axi_crossbar_v2_1_14_axi_crossbar' [d:/Projects/Bean/BERT/project_3/project_3.srcs/sources_1/bd/design_1/ipshared/f582/hdl/axi_crossbar_v2_1_vl_rfs.v:4882]
INFO: [Synth 8-638] synthesizing module 'axi_crossbar_v2_1_14_crossbar_sasd' [d:/Projects/Bean/BERT/project_3/project_3.srcs/sources_1/bd/design_1/ipshared/f582/hdl/axi_crossbar_v2_1_vl_rfs.v:1240]
INFO: [Synth 8-638] synthesizing module 'axi_crossbar_v2_1_14_addr_decoder' [d:/Projects/Bean/BERT/project_3/project_3.srcs/sources_1/bd/design_1/ipshared/f582/hdl/axi_crossbar_v2_1_vl_rfs.v:794]
INFO: [Synth 8-638] synthesizing module 'generic_baseblocks_v2_1_0_comparator_static' [d:/Projects/Bean/BERT/project_3/project_3.srcs/sources_1/bd/design_1/ipshared/f9c1/hdl/generic_baseblocks_v2_1_vl_rfs.v:2133]
INFO: [Synth 8-638] synthesizing module 'generic_baseblocks_v2_1_0_carry_and' [d:/Projects/Bean/BERT/project_3/project_3.srcs/sources_1/bd/design_1/ipshared/f9c1/hdl/generic_baseblocks_v2_1_vl_rfs.v:62]
INFO: [Synth 8-256] done synthesizing module 'generic_baseblocks_v2_1_0_carry_and' (1#1) [d:/Projects/Bean/BERT/project_3/project_3.srcs/sources_1/bd/design_1/ipshared/f9c1/hdl/generic_baseblocks_v2_1_vl_rfs.v:62]
INFO: [Synth 8-256] done synthesizing module 'generic_baseblocks_v2_1_0_comparator_static' (2#1) [d:/Projects/Bean/BERT/project_3/project_3.srcs/sources_1/bd/design_1/ipshared/f9c1/hdl/generic_baseblocks_v2_1_vl_rfs.v:2133]
INFO: [Synth 8-638] synthesizing module 'generic_baseblocks_v2_1_0_comparator_static__parameterized0' [d:/Projects/Bean/BERT/project_3/project_3.srcs/sources_1/bd/design_1/ipshared/f9c1/hdl/generic_baseblocks_v2_1_vl_rfs.v:2133]
INFO: [Synth 8-256] done synthesizing module 'generic_baseblocks_v2_1_0_comparator_static__parameterized0' (2#1) [d:/Projects/Bean/BERT/project_3/project_3.srcs/sources_1/bd/design_1/ipshared/f9c1/hdl/generic_baseblocks_v2_1_vl_rfs.v:2133]
INFO: [Synth 8-256] done synthesizing module 'axi_crossbar_v2_1_14_addr_decoder' (3#1) [d:/Projects/Bean/BERT/project_3/project_3.srcs/sources_1/bd/design_1/ipshared/f582/hdl/axi_crossbar_v2_1_vl_rfs.v:794]
INFO: [Synth 8-638] synthesizing module 'axi_crossbar_v2_1_14_decerr_slave' [d:/Projects/Bean/BERT/project_3/project_3.srcs/sources_1/bd/design_1/ipshared/f582/hdl/axi_crossbar_v2_1_vl_rfs.v:3500]
INFO: [Synth 8-256] done synthesizing module 'axi_crossbar_v2_1_14_decerr_slave' (4#1) [d:/Projects/Bean/BERT/project_3/project_3.srcs/sources_1/bd/design_1/ipshared/f582/hdl/axi_crossbar_v2_1_vl_rfs.v:3500]
INFO: [Synth 8-638] synthesizing module 'axi_crossbar_v2_1_14_addr_arbiter_sasd' [d:/Projects/Bean/BERT/project_3/project_3.srcs/sources_1/bd/design_1/ipshared/f582/hdl/axi_crossbar_v2_1_vl_rfs.v:65]
INFO: [Synth 8-256] done synthesizing module 'axi_crossbar_v2_1_14_addr_arbiter_sasd' (5#1) [d:/Projects/Bean/BERT/project_3/project_3.srcs/sources_1/bd/design_1/ipshared/f582/hdl/axi_crossbar_v2_1_vl_rfs.v:65]
INFO: [Synth 8-638] synthesizing module 'axi_crossbar_v2_1_14_splitter' [d:/Projects/Bean/BERT/project_3/project_3.srcs/sources_1/bd/design_1/ipshared/f582/hdl/axi_crossbar_v2_1_vl_rfs.v:4459]
INFO: [Synth 8-256] done synthesizing module 'axi_crossbar_v2_1_14_splitter' (6#1) [d:/Projects/Bean/BERT/project_3/project_3.srcs/sources_1/bd/design_1/ipshared/f582/hdl/axi_crossbar_v2_1_vl_rfs.v:4459]
INFO: [Synth 8-638] synthesizing module 'axi_crossbar_v2_1_14_splitter__parameterized0' [d:/Projects/Bean/BERT/project_3/project_3.srcs/sources_1/bd/design_1/ipshared/f582/hdl/axi_crossbar_v2_1_vl_rfs.v:4459]
INFO: [Synth 8-256] done synthesizing module 'axi_crossbar_v2_1_14_splitter__parameterized0' (6#1) [d:/Projects/Bean/BERT/project_3/project_3.srcs/sources_1/bd/design_1/ipshared/f582/hdl/axi_crossbar_v2_1_vl_rfs.v:4459]
INFO: [Synth 8-638] synthesizing module 'generic_baseblocks_v2_1_0_mux_enc' [d:/Projects/Bean/BERT/project_3/project_3.srcs/sources_1/bd/design_1/ipshared/f9c1/hdl/generic_baseblocks_v2_1_vl_rfs.v:2452]
INFO: [Synth 8-256] done synthesizing module 'generic_baseblocks_v2_1_0_mux_enc' (7#1) [d:/Projects/Bean/BERT/project_3/project_3.srcs/sources_1/bd/design_1/ipshared/f9c1/hdl/generic_baseblocks_v2_1_vl_rfs.v:2452]
INFO: [Synth 8-638] synthesizing module 'generic_baseblocks_v2_1_0_mux_enc__parameterized0' [d:/Projects/Bean/BERT/project_3/project_3.srcs/sources_1/bd/design_1/ipshared/f9c1/hdl/generic_baseblocks_v2_1_vl_rfs.v:2452]
INFO: [Synth 8-256] done synthesizing module 'generic_baseblocks_v2_1_0_mux_enc__parameterized0' (7#1) [d:/Projects/Bean/BERT/project_3/project_3.srcs/sources_1/bd/design_1/ipshared/f9c1/hdl/generic_baseblocks_v2_1_vl_rfs.v:2452]
INFO: [Synth 8-638] synthesizing module 'generic_baseblocks_v2_1_0_mux_enc__parameterized1' [d:/Projects/Bean/BERT/project_3/project_3.srcs/sources_1/bd/design_1/ipshared/f9c1/hdl/generic_baseblocks_v2_1_vl_rfs.v:2452]
INFO: [Synth 8-256] done synthesizing module 'generic_baseblocks_v2_1_0_mux_enc__parameterized1' (7#1) [d:/Projects/Bean/BERT/project_3/project_3.srcs/sources_1/bd/design_1/ipshared/f9c1/hdl/generic_baseblocks_v2_1_vl_rfs.v:2452]
INFO: [Synth 8-638] synthesizing module 'axi_register_slice_v2_1_13_axic_register_slice' [d:/Projects/Bean/BERT/project_3/project_3.srcs/sources_1/bd/design_1/ipshared/55c0/hdl/axi_register_slice_v2_1_vl_rfs.v:85]
INFO: [Synth 8-256] done synthesizing module 'axi_register_slice_v2_1_13_axic_register_slice' (8#1) [d:/Projects/Bean/BERT/project_3/project_3.srcs/sources_1/bd/design_1/ipshared/55c0/hdl/axi_register_slice_v2_1_vl_rfs.v:85]
INFO: [Synth 8-638] synthesizing module 'generic_baseblocks_v2_1_0_mux_enc__parameterized2' [d:/Projects/Bean/BERT/project_3/project_3.srcs/sources_1/bd/design_1/ipshared/f9c1/hdl/generic_baseblocks_v2_1_vl_rfs.v:2452]
INFO: [Synth 8-256] done synthesizing module 'generic_baseblocks_v2_1_0_mux_enc__parameterized2' (8#1) [d:/Projects/Bean/BERT/project_3/project_3.srcs/sources_1/bd/design_1/ipshared/f9c1/hdl/generic_baseblocks_v2_1_vl_rfs.v:2452]
INFO: [Synth 8-256] done synthesizing module 'axi_crossbar_v2_1_14_crossbar_sasd' (9#1) [d:/Projects/Bean/BERT/project_3/project_3.srcs/sources_1/bd/design_1/ipshared/f582/hdl/axi_crossbar_v2_1_vl_rfs.v:1240]
INFO: [Synth 8-256] done synthesizing module 'axi_crossbar_v2_1_14_axi_crossbar' (10#1) [d:/Projects/Bean/BERT/project_3/project_3.srcs/sources_1/bd/design_1/ipshared/f582/hdl/axi_crossbar_v2_1_vl_rfs.v:4882]
INFO: [Synth 8-256] done synthesizing module 'design_1_xbar_0' (11#1) [d:/Projects/Bean/BERT/project_3/project_3.srcs/sources_1/bd/design_1/ip/design_1_xbar_0/synth/design_1_xbar_0.v:59]
Finished RTL Elaboration : Time (s): cpu = 00:00:19 ; elapsed = 00:00:20 . Memory (MB): peak = 461.125 ; gain = 199.504
Finished RTL Optimization Phase 1 : Time (s): cpu = 00:00:19 ; elapsed = 00:00:21 . Memory (MB): peak = 461.125 ; gain = 199.504
INFO: [Device 21-403] Loading part xc7vx485tffg1761-2
Constraint Validation Runtime : Time (s): cpu = 00:00:00 ; elapsed = 00:00:00.044 . Memory (MB): peak = 833.227 ; gain = 0.000
Finished Constraint Validation : Time (s): cpu = 00:00:48 ; elapsed = 00:00:50 . Memory (MB): peak = 833.227 ; gain = 571.605
Finished Loading Part and Timing Information : Time (s): cpu = 00:00:48 ; elapsed = 00:00:50 . Memory (MB): peak = 833.227 ; gain = 571.605
Finished applying 'set_property' XDC Constraints : Time (s): cpu = 00:00:48 ; elapsed = 00:00:50 . Memory (MB): peak = 833.227 ; gain = 571.605
Finished RTL Optimization Phase 2 : Time (s): cpu = 00:00:48 ; elapsed = 00:00:51 . Memory (MB): peak = 833.227 ; gain = 571.605
Finished Cross Boundary and Area Optimization : Time (s): cpu = 00:00:49 ; elapsed = 00:00:52 . Memory (MB): peak = 833.227 ; gain = 571.605
Finished Applying XDC Timing Constraints : Time (s): cpu = 00:01:00 ; elapsed = 00:01:03 . Memory (MB): peak = 833.227 ; gain = 571.605
Finished Timing Optimization : Time (s): cpu = 00:01:00 ; elapsed = 00:01:03 . Memory (MB): peak = 833.227 ; gain = 571.605
Finished Technology Mapping : Time (s): cpu = 00:01:00 ; elapsed = 00:01:03 . Memory (MB): peak = 833.227 ; gain = 571.605
Finished IO Insertion : Time (s): cpu = 00:01:01 ; elapsed = 00:01:04 . Memory (MB): peak = 833.227 ; gain = 571.605
Finished Renaming Generated Instances : Time (s): cpu = 00:01:01 ; elapsed = 00:01:04 . Memory (MB): peak = 833.227 ; gain = 571.605
Finished Rebuilding User Hierarchy : Time (s): cpu = 00:01:01 ; elapsed = 00:01:04 . Memory (MB): peak = 833.227 ; gain = 571.605
Finished Renaming Generated Ports : Time (s): cpu = 00:01:01 ; elapsed = 00:01:04 . Memory (MB): peak = 833.227 ; gain = 571.605
Finished Handling Custom Attributes : Time (s): cpu = 00:01:01 ; elapsed = 00:01:04 . Memory (MB): peak = 833.227 ; gain = 571.605
Finished Renaming Generated Nets : Time (s): cpu = 00:01:01 ; elapsed = 00:01:04 . Memory (MB): peak = 833.227 ; gain = 571.605

Report Cell Usage: 
+------+-----+------+
|      |Cell |Count |
+------+-----+------+
|1     |LUT1 |     2|
|2     |LUT2 |     7|
|3     |LUT3 |     4|
|4     |LUT4 |    51|
|5     |LUT5 |    23|
|6     |LUT6 |    47|
|7     |FDRE |   130|
+------+-----+------+
Finished Writing Synthesis Report : Time (s): cpu = 00:01:01 ; elapsed = 00:01:04 . Memory (MB): peak = 833.227 ; gain = 571.605
synth_design: Time (s): cpu = 00:01:04 ; elapsed = 00:01:08 . Memory (MB): peak = 833.227 ; gain = 580.957
