Unable to capture context for thread 2204 in process 7804, can not generate back trace
Exception at PC 0x000007FEAF6DBB93
Printing stacktrace...

[0]  [0x000007FEAF6DBB93]
[1]  [0x000007FEAF6DBB93]
[2]  [0x000007FEAF6DB4A1]
[3]  [0x000007FEAF6DB3EF]
[4]  [0x000007FEAF6C19FE]
[5]  [0x000007FEAF6C0ED1]
[6]  [0x000007FEAF6C0D76]
[7]  [0x000007FEAF6679F6]
[8]  [0x000007FEAF657AFB]
[9]  [0x000007FEAF77E90A]
[10]  [0x000007FEAF799F87]
[11]  [0x000007FEAF79A05F]
[12] (BaseThreadInitThunk+0xd) [0x00000000772359CD]
[13] (RtlUserThreadStart+0x1d) [0x000000007749383D]
Done
Exception at PC 0x000007FEAF3E1A52
Attemped to write at address 0x000007FEE9EBABA4
Printing stacktrace...

[0]  [0x000007FEAF3E1A52]
[1]  [0x000007FEAF3E1A52]
[2]  [0x000007FEAF3E1AD4]
[3]  [0x000007FEAF523FF7]
[4]  [0x000007FEAF409128]
[5]  [0x000007FEAF6BDFB9]
[6]  [0x000007FEAF88EF23]
[7]  [0x000007FEAF79B06B]
[8]  [0x000007FEAF7908AF]
[9]  [0x000007FEAF790A32]
[10] (LdrShutdownProcess+0x1db) [0x00000000774775EB]
[11] (RtlExitUserProcess+0x90) [0x000000007747C040]
[12] (wcstoui64+0x2fa) [0x000007FEFDA999E2]
[13]  [0x00000000004014CD]
[14]  [0x000000000040151B]
[15] (BaseThreadInitThunk+0xd) [0x00000000772359CD]
[16] (RtlUserThreadStart+0x1d) [0x000000007749383D]
Done
