
*** Running vivado
    with args -log design_1_xlconstant_0_0.vds -m64 -product Vivado -mode batch -messageDb vivado.pb -notrace -source design_1_xlconstant_0_0.tcl


****** Vivado v2017.2 (64-bit)
  **** SW Build 1909853 on Thu Jun 15 18:39:09 MDT 2017
  **** IP Build 1909766 on Thu Jun 15 19:58:00 MDT 2017
    ** Copyright 1986-2017 Xilinx, Inc. All Rights Reserved.

source design_1_xlconstant_0_0.tcl -notrace
Starting RTL Elaboration : Time (s): cpu = 00:00:05 ; elapsed = 00:00:05 . Memory (MB): peak = 327.793 ; gain = 71.254
INFO: [Synth 8-638] synthesizing module 'design_1_xlconstant_0_0' [d:/Projects/Bean/BERT/project_3/project_3.srcs/sources_1/bd/design_1/ip/design_1_xlconstant_0_0/synth/design_1_xlconstant_0_0.v:57]
INFO: [Synth 8-638] synthesizing module 'xlconstant_v1_1_3_xlconstant' [d:/Projects/Bean/BERT/project_3/project_3.srcs/sources_1/bd/design_1/ipshared/45df/hdl/xlconstant_v1_1_vl_rfs.v:23]
INFO: [Synth 8-256] done synthesizing module 'xlconstant_v1_1_3_xlconstant' (1#1) [d:/Projects/Bean/BERT/project_3/project_3.srcs/sources_1/bd/design_1/ipshared/45df/hdl/xlconstant_v1_1_vl_rfs.v:23]
INFO: [Synth 8-256] done synthesizing module 'design_1_xlconstant_0_0' (2#1) [d:/Projects/Bean/BERT/project_3/project_3.srcs/sources_1/bd/design_1/ip/design_1_xlconstant_0_0/synth/design_1_xlconstant_0_0.v:57]
Finished RTL Elaboration : Time (s): cpu = 00:00:06 ; elapsed = 00:00:06 . Memory (MB): peak = 367.121 ; gain = 110.582
Finished RTL Optimization Phase 1 : Time (s): cpu = 00:00:06 ; elapsed = 00:00:06 . Memory (MB): peak = 367.121 ; gain = 110.582
INFO: [Device 21-403] Loading part xc7vx485tffg1761-2
Constraint Validation Runtime : Time (s): cpu = 00:00:00 ; elapsed = 00:00:00.011 . Memory (MB): peak = 711.355 ; gain = 0.000
Finished Constraint Validation : Time (s): cpu = 00:00:31 ; elapsed = 00:00:31 . Memory (MB): peak = 711.355 ; gain = 454.816
Finished Loading Part and Timing Information : Time (s): cpu = 00:00:31 ; elapsed = 00:00:31 . Memory (MB): peak = 711.355 ; gain = 454.816
Finished applying 'set_property' XDC Constraints : Time (s): cpu = 00:00:31 ; elapsed = 00:00:31 . Memory (MB): peak = 711.355 ; gain = 454.816
Finished RTL Optimization Phase 2 : Time (s): cpu = 00:00:31 ; elapsed = 00:00:31 . Memory (MB): peak = 711.355 ; gain = 454.816
Finished Cross Boundary and Area Optimization : Time (s): cpu = 00:00:31 ; elapsed = 00:00:32 . Memory (MB): peak = 711.355 ; gain = 454.816
Finished Applying XDC Timing Constraints : Time (s): cpu = 00:00:46 ; elapsed = 00:00:46 . Memory (MB): peak = 741.672 ; gain = 485.133
Finished Timing Optimization : Time (s): cpu = 00:00:46 ; elapsed = 00:00:46 . Memory (MB): peak = 741.672 ; gain = 485.133
Finished Technology Mapping : Time (s): cpu = 00:00:46 ; elapsed = 00:00:46 . Memory (MB): peak = 750.813 ; gain = 494.273
Finished IO Insertion : Time (s): cpu = 00:00:46 ; elapsed = 00:00:47 . Memory (MB): peak = 750.813 ; gain = 494.273
Finished Renaming Generated Instances : Time (s): cpu = 00:00:46 ; elapsed = 00:00:47 . Memory (MB): peak = 750.813 ; gain = 494.273
Finished Rebuilding User Hierarchy : Time (s): cpu = 00:00:46 ; elapsed = 00:00:47 . Memory (MB): peak = 750.813 ; gain = 494.273
Finished Renaming Generated Ports : Time (s): cpu = 00:00:46 ; elapsed = 00:00:47 . Memory (MB): peak = 750.813 ; gain = 494.273
Finished Handling Custom Attributes : Time (s): cpu = 00:00:46 ; elapsed = 00:00:47 . Memory (MB): peak = 750.813 ; gain = 494.273
Finished Renaming Generated Nets : Time (s): cpu = 00:00:46 ; elapsed = 00:00:47 . Memory (MB): peak = 750.813 ; gain = 494.273

Report Cell Usage: 
+-+-----+------+
| |Cell |Count |
+-+-----+------+
+-+-----+------+
Finished Writing Synthesis Report : Time (s): cpu = 00:00:46 ; elapsed = 00:00:47 . Memory (MB): peak = 750.813 ; gain = 494.273
synth_design: Time (s): cpu = 00:00:50 ; elapsed = 00:00:51 . Memory (MB): peak = 780.996 ; gain = 537.977
