
*** Running vivado
    with args -log design_1_util_vector_logic_1_0.vds -m64 -product Vivado -mode batch -messageDb vivado.pb -notrace -source design_1_util_vector_logic_1_0.tcl


****** Vivado v2017.2 (64-bit)
  **** SW Build 1909853 on Thu Jun 15 18:39:09 MDT 2017
  **** IP Build 1909766 on Thu Jun 15 19:58:00 MDT 2017
    ** Copyright 1986-2017 Xilinx, Inc. All Rights Reserved.

source design_1_util_vector_logic_1_0.tcl -notrace
Starting RTL Elaboration : Time (s): cpu = 00:00:05 ; elapsed = 00:00:06 . Memory (MB): peak = 328.211 ; gain = 71.270
INFO: [Synth 8-638] synthesizing module 'design_1_util_vector_logic_1_0' [d:/Projects/Bean/BERT/project_3/project_3.srcs/sources_1/bd/design_1/ip/design_1_util_vector_logic_1_0/synth/design_1_util_vector_logic_1_0.v:57]
INFO: [Synth 8-638] synthesizing module 'util_vector_logic_v2_0_1_util_vector_logic' [d:/Projects/Bean/BERT/project_3/project_3.srcs/sources_1/bd/design_1/ipshared/25ee/hdl/util_vector_logic_v2_0_vl_rfs.v:45]
INFO: [Synth 8-256] done synthesizing module 'util_vector_logic_v2_0_1_util_vector_logic' (1#1) [d:/Projects/Bean/BERT/project_3/project_3.srcs/sources_1/bd/design_1/ipshared/25ee/hdl/util_vector_logic_v2_0_vl_rfs.v:45]
INFO: [Synth 8-256] done synthesizing module 'design_1_util_vector_logic_1_0' (2#1) [d:/Projects/Bean/BERT/project_3/project_3.srcs/sources_1/bd/design_1/ip/design_1_util_vector_logic_1_0/synth/design_1_util_vector_logic_1_0.v:57]
Finished RTL Elaboration : Time (s): cpu = 00:00:07 ; elapsed = 00:00:08 . Memory (MB): peak = 368.289 ; gain = 111.348
Finished RTL Optimization Phase 1 : Time (s): cpu = 00:00:07 ; elapsed = 00:00:08 . Memory (MB): peak = 368.289 ; gain = 111.348
INFO: [Device 21-403] Loading part xc7vx485tffg1761-2
Constraint Validation Runtime : Time (s): cpu = 00:00:00 ; elapsed = 00:00:00.014 . Memory (MB): peak = 716.844 ; gain = 0.000
Finished Constraint Validation : Time (s): cpu = 00:00:33 ; elapsed = 00:00:36 . Memory (MB): peak = 716.844 ; gain = 459.902
Finished Loading Part and Timing Information : Time (s): cpu = 00:00:33 ; elapsed = 00:00:36 . Memory (MB): peak = 716.844 ; gain = 459.902
Finished applying 'set_property' XDC Constraints : Time (s): cpu = 00:00:33 ; elapsed = 00:00:36 . Memory (MB): peak = 716.844 ; gain = 459.902
Finished RTL Optimization Phase 2 : Time (s): cpu = 00:00:34 ; elapsed = 00:00:36 . Memory (MB): peak = 716.844 ; gain = 459.902
Finished Cross Boundary and Area Optimization : Time (s): cpu = 00:00:34 ; elapsed = 00:00:36 . Memory (MB): peak = 716.844 ; gain = 459.902
Finished Applying XDC Timing Constraints : Time (s): cpu = 00:00:50 ; elapsed = 00:00:52 . Memory (MB): peak = 761.125 ; gain = 504.184
Finished Timing Optimization : Time (s): cpu = 00:00:50 ; elapsed = 00:00:52 . Memory (MB): peak = 761.125 ; gain = 504.184
Finished Technology Mapping : Time (s): cpu = 00:00:50 ; elapsed = 00:00:52 . Memory (MB): peak = 770.266 ; gain = 513.324
Finished IO Insertion : Time (s): cpu = 00:00:51 ; elapsed = 00:00:53 . Memory (MB): peak = 770.266 ; gain = 513.324
Finished Renaming Generated Instances : Time (s): cpu = 00:00:51 ; elapsed = 00:00:53 . Memory (MB): peak = 770.266 ; gain = 513.324
Finished Rebuilding User Hierarchy : Time (s): cpu = 00:00:51 ; elapsed = 00:00:53 . Memory (MB): peak = 770.266 ; gain = 513.324
Finished Renaming Generated Ports : Time (s): cpu = 00:00:51 ; elapsed = 00:00:53 . Memory (MB): peak = 770.266 ; gain = 513.324
Finished Handling Custom Attributes : Time (s): cpu = 00:00:51 ; elapsed = 00:00:53 . Memory (MB): peak = 770.266 ; gain = 513.324
Finished Renaming Generated Nets : Time (s): cpu = 00:00:51 ; elapsed = 00:00:53 . Memory (MB): peak = 770.266 ; gain = 513.324

Report Cell Usage: 
+------+-----+------+
|      |Cell |Count |
+------+-----+------+
|1     |LUT2 |     8|
+------+-----+------+
Finished Writing Synthesis Report : Time (s): cpu = 00:00:51 ; elapsed = 00:00:53 . Memory (MB): peak = 770.266 ; gain = 513.324
synth_design: Time (s): cpu = 00:00:54 ; elapsed = 00:00:58 . Memory (MB): peak = 797.379 ; gain = 554.359
