Copyright 1986-2017 Xilinx, Inc. All Rights Reserved.
----------------------------------------------------------------------------------------------
| Tool Version : Vivado v.2017.2 (win64) Build 1909853 Thu Jun 15 18:39:09 MDT 2017
| Date         : Thu Feb  8 15:15:10 2018
| Host         : PHSX-79FJZ32 running 64-bit Service Pack 1  (build 7601)
| Command      : report_clock_utilization -file design_1_wrapper_clock_utilization_routed.rpt
| Design       : design_1_wrapper
| Device       : 7vx485t-ffg1761
| Speed File   : -2  PRODUCTION 1.12 2014-09-11
----------------------------------------------------------------------------------------------

Clock Utilization Report

Table of Contents
-----------------
1. Clock Primitive Utilization
2. Global Clock Resources
3. Global Clock Source Details
4. Clock Regions: Key Resource Utilization
5. Clock Regions : Global Clock Summary
6. Device Cell Placement Summary for Global Clock g0
7. Device Cell Placement Summary for Global Clock g1
8. Device Cell Placement Summary for Global Clock g2
9. Device Cell Placement Summary for Global Clock g3
10. Device Cell Placement Summary for Global Clock g4
11. Device Cell Placement Summary for Global Clock g5
12. Device Cell Placement Summary for Global Clock g6
13. Clock Region Cell Placement per Global Clock: Region X0Y5
14. Clock Region Cell Placement per Global Clock: Region X1Y5
15. Clock Region Cell Placement per Global Clock: Region X0Y6

1. Clock Primitive Utilization
------------------------------

+----------+------+-----------+-----+--------------+--------+
| Type     | Used | Available | LOC | Clock Region | Pblock |
+----------+------+-----------+-----+--------------+--------+
| BUFGCTRL |    7 |        32 |   0 |            0 |      0 |
| BUFH     |    0 |       168 |   0 |            0 |      0 |
| BUFIO    |    0 |        56 |   0 |            0 |      0 |
| BUFMR    |    0 |        28 |   0 |            0 |      0 |
| BUFR     |    0 |        56 |   0 |            0 |      0 |
| MMCM     |    1 |        14 |   0 |            0 |      0 |
| PLL      |    0 |        14 |   0 |            0 |      0 |
+----------+------+-----------+-----+--------------+--------+


2. Global Clock Resources
-------------------------

+-----------+-----------+-----------------+------------+----------------+--------------+-------------------+-------------+-----------------+--------------+-----------------------------------------------------------------------+----------------------------------------------------------------------------------+-------------------------------------------------------------------------+
| Global Id | Source Id | Driver Type/Pin | Constraint | Site           | Clock Region | Load Clock Region | Clock Loads | Non-Clock Loads | Clock Period | Clock                                                                 | Driver Pin                                                                       | Net                                                                     |
+-----------+-----------+-----------------+------------+----------------+--------------+-------------------+-------------+-----------------+--------------+-----------------------------------------------------------------------+----------------------------------------------------------------------------------+-------------------------------------------------------------------------+
| g0        | src0      | BUFG/O          | None       | BUFGCTRL_X0Y16 | n/a          |                 2 |        1966 |               0 |       10.000 | ublaze_clk_design_1_clk_wiz_1_0                                       | design_1_i/clk_wiz_1/inst/clkout1_buf/O                                          | design_1_i/clk_wiz_1/inst/ublaze_clk                                    |
| g1        | src1      | BUFG/O          | None       | BUFGCTRL_X0Y0  | n/a          |                 2 |         232 |               0 |       33.333 | design_1_i/h_microblaze/mdm_1/U0/Use_E2.BSCAN_I/Use_E2.BSCANE2_I/DRCK | design_1_i/h_microblaze/mdm_1/U0/No_Dbg_Reg_Access.BUFG_DRCK/Using_FPGA.Native/O | design_1_i/h_microblaze/mdm_1/U0/No_Dbg_Reg_Access.BUFG_DRCK/Dbg_Clk_31 |
| g2        | src0      | BUFG/O          | None       | BUFGCTRL_X0Y17 | n/a          |                 1 |          91 |               0 |       10.000 | clk_design_1_clk_wiz_1_0                                              | design_1_i/clk_wiz_1/inst/clkout2_buf/O                                          | design_1_i/clk_wiz_1/inst/clk                                           |
| g3        | src0      | BUFG/O          | None       | BUFGCTRL_X0Y18 | n/a          |                 1 |           2 |               0 |       10.000 | notclk_design_1_clk_wiz_1_0                                           | design_1_i/clk_wiz_1/inst/clkout4_buf/O                                          | design_1_i/clk_wiz_1/inst/notclk                                        |
| g4        | src0      | BUFG/O          | None       | BUFGCTRL_X0Y20 | n/a          |                 1 |           1 |               0 |       10.000 | clk90_design_1_clk_wiz_1_0                                            | design_1_i/clk_wiz_1/inst/clkout3_buf/O                                          | design_1_i/clk_wiz_1/inst/clk90                                         |
| g5        | src0      | BUFG/O          | None       | BUFGCTRL_X0Y19 | n/a          |                 1 |           1 |               0 |        5.000 | clkfbout_design_1_clk_wiz_1_0                                         | design_1_i/clk_wiz_1/inst/clkf_buf/O                                             | design_1_i/clk_wiz_1/inst/clkfbout_buf_design_1_clk_wiz_1_0             |
| g6        | src0      | BUFG/O          | None       | BUFGCTRL_X0Y21 | n/a          |                 1 |           1 |               0 |       10.000 | notclk90_design_1_clk_wiz_1_0                                         | design_1_i/clk_wiz_1/inst/clkout5_buf/O                                          | design_1_i/clk_wiz_1/inst/notclk90                                      |
+-----------+-----------+-----------------+------------+----------------+--------------+-------------------+-------------+-----------------+--------------+-----------------------------------------------------------------------+----------------------------------------------------------------------------------+-------------------------------------------------------------------------+
* Clock Loads column represents the clock pin loads (pin count)
** Non-Clock Loads column represents the non-clock pin loads (pin count)


3. Global Clock Source Details
------------------------------

+-----------+-----------+---------------------+------------+-----------------+--------------+-------------+-----------------+---------------------+-----------------------------------------------------------------------+-----------------------------------------------------------------------+-----------------------------------------------------------+
| Source Id | Global Id | Driver Type/Pin     | Constraint | Site            | Clock Region | Clock Loads | Non-Clock Loads | Source Clock Period | Source Clock                                                          | Driver Pin                                                            | Net                                                       |
+-----------+-----------+---------------------+------------+-----------------+--------------+-------------+-----------------+---------------------+-----------------------------------------------------------------------+-----------------------------------------------------------------------+-----------------------------------------------------------+
| src0      | g4        | MMCME2_ADV/CLKOUT2  | None       | MMCME2_ADV_X1Y5 | X1Y5         |           1 |               0 |              10.000 | clk90_design_1_clk_wiz_1_0                                            | design_1_i/clk_wiz_1/inst/mmcm_adv_inst/CLKOUT2                       | design_1_i/clk_wiz_1/inst/clk90_design_1_clk_wiz_1_0      |
| src0      | g2        | MMCME2_ADV/CLKOUT1  | None       | MMCME2_ADV_X1Y5 | X1Y5         |           1 |               0 |              10.000 | clk_design_1_clk_wiz_1_0                                              | design_1_i/clk_wiz_1/inst/mmcm_adv_inst/CLKOUT1                       | design_1_i/clk_wiz_1/inst/clk_design_1_clk_wiz_1_0        |
| src0      | g5        | MMCME2_ADV/CLKFBOUT | None       | MMCME2_ADV_X1Y5 | X1Y5         |           1 |               0 |               5.000 | clkfbout_design_1_clk_wiz_1_0                                         | design_1_i/clk_wiz_1/inst/mmcm_adv_inst/CLKFBOUT                      | design_1_i/clk_wiz_1/inst/clkfbout_design_1_clk_wiz_1_0   |
| src0      | g6        | MMCME2_ADV/CLKOUT4  | None       | MMCME2_ADV_X1Y5 | X1Y5         |           1 |               0 |              10.000 | notclk90_design_1_clk_wiz_1_0                                         | design_1_i/clk_wiz_1/inst/mmcm_adv_inst/CLKOUT4                       | design_1_i/clk_wiz_1/inst/notclk90_design_1_clk_wiz_1_0   |
| src0      | g3        | MMCME2_ADV/CLKOUT3  | None       | MMCME2_ADV_X1Y5 | X1Y5         |           1 |               0 |              10.000 | notclk_design_1_clk_wiz_1_0                                           | design_1_i/clk_wiz_1/inst/mmcm_adv_inst/CLKOUT3                       | design_1_i/clk_wiz_1/inst/notclk_design_1_clk_wiz_1_0     |
| src0      | g0        | MMCME2_ADV/CLKOUT0  | None       | MMCME2_ADV_X1Y5 | X1Y5         |           1 |               0 |              10.000 | ublaze_clk_design_1_clk_wiz_1_0                                       | design_1_i/clk_wiz_1/inst/mmcm_adv_inst/CLKOUT0                       | design_1_i/clk_wiz_1/inst/ublaze_clk_design_1_clk_wiz_1_0 |
| src1      | g1        | BSCANE2/DRCK        | None       | BSCAN_X0Y1      | X0Y1         |           1 |               0 |              33.333 | design_1_i/h_microblaze/mdm_1/U0/Use_E2.BSCAN_I/Use_E2.BSCANE2_I/DRCK | design_1_i/h_microblaze/mdm_1/U0/Use_E2.BSCAN_I/Use_E2.BSCANE2_I/DRCK | design_1_i/h_microblaze/mdm_1/U0/Use_E2.BSCAN_I/drck_i    |
+-----------+-----------+---------------------+------------+-----------------+--------------+-------------+-----------------+---------------------+-----------------------------------------------------------------------+-----------------------------------------------------------------------+-----------------------------------------------------------+
* Clock Loads column represents the clock pin loads (pin count)
** Non-Clock Loads column represents the non-clock pin loads (pin count)


4. Clock Regions: Key Resource Utilization
------------------------------------------

+-------------------+--------------+--------------+--------------+--------------+--------------+--------------+--------------+--------------+--------------+--------------+--------------+--------------+--------------+--------------+--------------+
|                   | Global Clock |     BUFRs    |    BUFMRs    |    BUFIOs    |     MMCM     |      PLL     |      GT      |      PCI     |    ILOGIC    |    OLOGIC    |      FF      |     LUTM     |    RAMB18    |    RAMB36    |    DSP48E2   |
+-------------------+------+-------+------+-------+------+-------+------+-------+------+-------+------+-------+------+-------+------+-------+------+-------+------+-------+------+-------+------+-------+------+-------+------+-------+------+-------+
| Clock Region Name | Used | Avail | Used | Avail | Used | Avail | Used | Avail | Used | Avail | Used | Avail | Used | Avail | Used | Avail | Used | Avail | Used | Avail | Used | Avail | Used | Avail | Used | Avail | Used | Avail | Used | Avail |
+-------------------+------+-------+------+-------+------+-------+------+-------+------+-------+------+-------+------+-------+------+-------+------+-------+------+-------+------+-------+------+-------+------+-------+------+-------+------+-------+
| X0Y0              |    0 |    12 |    0 |     4 |    0 |     2 |    0 |     4 |    0 |     1 |    0 |     1 |    0 |     4 |    0 |     0 |    0 |    50 |    0 |    50 |    0 |  5500 |    0 |  2200 |    0 |   140 |    0 |    70 |    0 |   180 |
| X1Y0              |    0 |    12 |    0 |     4 |    0 |     2 |    0 |     4 |    0 |     1 |    0 |     1 |    0 |     4 |    0 |     0 |    0 |    50 |    0 |    50 |    0 |  5600 |    0 |  2500 |    0 |   160 |    0 |    80 |    0 |   220 |
| X0Y1              |    0 |    12 |    0 |     4 |    0 |     2 |    0 |     4 |    0 |     1 |    0 |     1 |    0 |     4 |    0 |     0 |    0 |    50 |    0 |    50 |    0 |  4900 |    0 |  2200 |    0 |   140 |    0 |    70 |    0 |   180 |
| X1Y1              |    0 |    12 |    0 |     4 |    0 |     2 |    0 |     4 |    0 |     1 |    0 |     1 |    0 |     4 |    0 |     0 |    0 |    50 |    0 |    50 |    0 |  5600 |    0 |  2500 |    0 |   160 |    0 |    80 |    0 |   220 |
| X0Y2              |    0 |    12 |    0 |     4 |    0 |     2 |    0 |     4 |    0 |     1 |    0 |     1 |    0 |     4 |    0 |     1 |    0 |    50 |    0 |    50 |    0 |  4750 |    0 |  2150 |    0 |   130 |    0 |    65 |    0 |   180 |
| X1Y2              |    0 |    12 |    0 |     4 |    0 |     2 |    0 |     4 |    0 |     1 |    0 |     1 |    0 |     4 |    0 |     1 |    0 |    50 |    0 |    50 |    0 |  5450 |    0 |  2450 |    0 |   150 |    0 |    75 |    0 |   220 |
| X0Y3              |    0 |    12 |    0 |     4 |    0 |     2 |    0 |     4 |    0 |     1 |    0 |     1 |    0 |     4 |    0 |     0 |    0 |    50 |    0 |    50 |    0 |  5500 |    0 |  2200 |    0 |   140 |    0 |    70 |    0 |   180 |
| X1Y3              |    0 |    12 |    0 |     4 |    0 |     2 |    0 |     4 |    0 |     1 |    0 |     1 |    0 |     4 |    0 |     0 |    0 |    50 |    0 |    50 |    0 |  5600 |    0 |  2500 |    0 |   160 |    0 |    80 |    0 |   220 |
| X0Y4              |    0 |    12 |    0 |     4 |    0 |     2 |    0 |     4 |    0 |     1 |    0 |     1 |    0 |     4 |    0 |     0 |    0 |    50 |    0 |    50 |    0 |  5500 |    0 |  2200 |    0 |   140 |    0 |    70 |    0 |   180 |
| X1Y4              |    0 |    12 |    0 |     4 |    0 |     2 |    0 |     4 |    0 |     1 |    0 |     1 |    0 |     4 |    0 |     0 |    0 |    50 |    0 |    50 |    0 |  5600 |    0 |  2500 |    0 |   160 |    0 |    80 |    0 |   220 |
| X0Y5              |    2 |    12 |    0 |     4 |    0 |     2 |    0 |     4 |    0 |     1 |    0 |     1 |    0 |     4 |    0 |     1 |    0 |    50 |    0 |    50 |  185 |  5350 |  120 |  2150 |    0 |   130 |    5 |    65 |    0 |   180 |
| X1Y5              |    1 |    12 |    0 |     4 |    0 |     2 |    0 |     4 |    1 |     1 |    0 |     1 |    0 |     4 |    0 |     1 |    0 |    50 |    0 |    50 |    0 |  5450 |    0 |  2450 |    0 |   150 |    0 |    75 |    0 |   220 |
| X0Y6              |    6 |    12 |    0 |     4 |    0 |     2 |    0 |     4 |    0 |     1 |    0 |     1 |    0 |     4 |    0 |     0 |    0 |    50 |    0 |    50 | 1909 |  5500 | 1031 |  2200 |    0 |   140 |   11 |    70 |    1 |   180 |
| X1Y6              |    0 |    12 |    0 |     4 |    0 |     2 |    0 |     4 |    0 |     1 |    0 |     1 |    0 |     4 |    0 |     0 |    0 |    50 |    0 |    50 |    0 |  5600 |    0 |  2500 |    0 |   160 |    0 |    80 |    0 |   220 |
+-------------------+------+-------+------+-------+------+-------+------+-------+------+-------+------+-------+------+-------+------+-------+------+-------+------+-------+------+-------+------+-------+------+-------+------+-------+------+-------+
* Global Clock column represents track count; while other columns represents cell counts


5. Clock Regions : Global Clock Summary
---------------------------------------

+----+----+----+
|    | X0 | X1 |
+----+----+----+
| Y6 |  6 |  0 |
| Y5 |  2 |  1 |
| Y4 |  0 |  0 |
| Y3 |  0 |  0 |
| Y2 |  0 |  0 |
| Y1 |  0 |  0 |
| Y0 |  0 |  0 |
+----+----+----+


6. Device Cell Placement Summary for Global Clock g0
----------------------------------------------------

+-----------+-----------------+-------------------+---------------------------------+-------------+---------------+-------------+----------+----------------+----------+--------------------------------------+
| Global Id | Driver Type/Pin | Driver Region (D) | Clock                           | Period (ns) | Waveform (ns) | Slice Loads | IO Loads | Clocking Loads | GT Loads | Net                                  |
+-----------+-----------------+-------------------+---------------------------------+-------------+---------------+-------------+----------+----------------+----------+--------------------------------------+
| g0        | BUFG/O          | n/a               | ublaze_clk_design_1_clk_wiz_1_0 |      10.000 | {0.000 5.000} |        1902 |        0 |              0 |        0 | design_1_i/clk_wiz_1/inst/ublaze_clk |
+-----------+-----------------+-------------------+---------------------------------+-------------+---------------+-------------+----------+----------------+----------+--------------------------------------+
* Logic Loads column represents load cell count of all cell types other than IO, GT and clock resources
** IO Loads column represents load cell count of IO types
*** Clocking Loads column represents load cell count that are clock resources (global clock buffer, MMCM, PLL, etc)
**** GT Loads column represents load cell count of GT types


+----+-------+----+
|    | X0    | X1 |
+----+-------+----+
| Y6 |  1730 |  0 |
| Y5 |   172 |  0 |
| Y4 |     0 |  0 |
| Y3 |     0 |  0 |
| Y2 |     0 |  0 |
| Y1 |     0 |  0 |
| Y0 |     0 |  0 |
+----+-------+----+


7. Device Cell Placement Summary for Global Clock g1
----------------------------------------------------

+-----------+-----------------+-------------------+-----------------------------------------------------------------------+-------------+----------------+-------------+----------+----------------+----------+-------------------------------------------------------------------------+
| Global Id | Driver Type/Pin | Driver Region (D) | Clock                                                                 | Period (ns) | Waveform (ns)  | Slice Loads | IO Loads | Clocking Loads | GT Loads | Net                                                                     |
+-----------+-----------------+-------------------+-----------------------------------------------------------------------+-------------+----------------+-------------+----------+----------------+----------+-------------------------------------------------------------------------+
| g1        | BUFG/O          | n/a               | design_1_i/h_microblaze/mdm_1/U0/Use_E2.BSCAN_I/Use_E2.BSCANE2_I/DRCK |      33.333 | {0.000 16.667} |         232 |        0 |              0 |        0 | design_1_i/h_microblaze/mdm_1/U0/No_Dbg_Reg_Access.BUFG_DRCK/Dbg_Clk_31 |
+-----------+-----------------+-------------------+-----------------------------------------------------------------------+-------------+----------------+-------------+----------+----------------+----------+-------------------------------------------------------------------------+
* Logic Loads column represents load cell count of all cell types other than IO, GT and clock resources
** IO Loads column represents load cell count of IO types
*** Clocking Loads column represents load cell count that are clock resources (global clock buffer, MMCM, PLL, etc)
**** GT Loads column represents load cell count of GT types


+----+------+----+
|    | X0   | X1 |
+----+------+----+
| Y6 |  171 |  0 |
| Y5 |   61 |  0 |
| Y4 |    0 |  0 |
| Y3 |    0 |  0 |
| Y2 |    0 |  0 |
| Y1 |    0 |  0 |
| Y0 |    0 |  0 |
+----+------+----+


8. Device Cell Placement Summary for Global Clock g2
----------------------------------------------------

+-----------+-----------------+-------------------+--------------------------+-------------+---------------+-------------+----------+----------------+----------+-------------------------------+
| Global Id | Driver Type/Pin | Driver Region (D) | Clock                    | Period (ns) | Waveform (ns) | Slice Loads | IO Loads | Clocking Loads | GT Loads | Net                           |
+-----------+-----------------+-------------------+--------------------------+-------------+---------------+-------------+----------+----------------+----------+-------------------------------+
| g2        | BUFG/O          | n/a               | clk_design_1_clk_wiz_1_0 |      10.000 | {0.000 5.000} |          90 |        0 |              0 |        0 | design_1_i/clk_wiz_1/inst/clk |
+-----------+-----------------+-------------------+--------------------------+-------------+---------------+-------------+----------+----------------+----------+-------------------------------+
* Logic Loads column represents load cell count of all cell types other than IO, GT and clock resources
** IO Loads column represents load cell count of IO types
*** Clocking Loads column represents load cell count that are clock resources (global clock buffer, MMCM, PLL, etc)
**** GT Loads column represents load cell count of GT types


+----+-----+----+
|    | X0  | X1 |
+----+-----+----+
| Y6 |  90 |  0 |
| Y5 |   0 |  0 |
| Y4 |   0 |  0 |
| Y3 |   0 |  0 |
| Y2 |   0 |  0 |
| Y1 |   0 |  0 |
| Y0 |   0 |  0 |
+----+-----+----+


9. Device Cell Placement Summary for Global Clock g3
----------------------------------------------------

+-----------+-----------------+-------------------+-----------------------------+-------------+----------------+-------------+----------+----------------+----------+----------------------------------+
| Global Id | Driver Type/Pin | Driver Region (D) | Clock                       | Period (ns) | Waveform (ns)  | Slice Loads | IO Loads | Clocking Loads | GT Loads | Net                              |
+-----------+-----------------+-------------------+-----------------------------+-------------+----------------+-------------+----------+----------------+----------+----------------------------------+
| g3        | BUFG/O          | n/a               | notclk_design_1_clk_wiz_1_0 |      10.000 | {5.000 10.000} |           2 |        0 |              0 |        0 | design_1_i/clk_wiz_1/inst/notclk |
+-----------+-----------------+-------------------+-----------------------------+-------------+----------------+-------------+----------+----------------+----------+----------------------------------+
* Logic Loads column represents load cell count of all cell types other than IO, GT and clock resources
** IO Loads column represents load cell count of IO types
*** Clocking Loads column represents load cell count that are clock resources (global clock buffer, MMCM, PLL, etc)
**** GT Loads column represents load cell count of GT types


+----+----+----+
|    | X0 | X1 |
+----+----+----+
| Y6 |  2 |  0 |
| Y5 |  0 |  0 |
| Y4 |  0 |  0 |
| Y3 |  0 |  0 |
| Y2 |  0 |  0 |
| Y1 |  0 |  0 |
| Y0 |  0 |  0 |
+----+----+----+


10. Device Cell Placement Summary for Global Clock g4
-----------------------------------------------------

+-----------+-----------------+-------------------+----------------------------+-------------+---------------+-------------+----------+----------------+----------+---------------------------------+
| Global Id | Driver Type/Pin | Driver Region (D) | Clock                      | Period (ns) | Waveform (ns) | Slice Loads | IO Loads | Clocking Loads | GT Loads | Net                             |
+-----------+-----------------+-------------------+----------------------------+-------------+---------------+-------------+----------+----------------+----------+---------------------------------+
| g4        | BUFG/O          | n/a               | clk90_design_1_clk_wiz_1_0 |      10.000 | {2.500 7.500} |           1 |        0 |              0 |        0 | design_1_i/clk_wiz_1/inst/clk90 |
+-----------+-----------------+-------------------+----------------------------+-------------+---------------+-------------+----------+----------------+----------+---------------------------------+
* Logic Loads column represents load cell count of all cell types other than IO, GT and clock resources
** IO Loads column represents load cell count of IO types
*** Clocking Loads column represents load cell count that are clock resources (global clock buffer, MMCM, PLL, etc)
**** GT Loads column represents load cell count of GT types


+----+----+----+
|    | X0 | X1 |
+----+----+----+
| Y6 |  1 |  0 |
| Y5 |  0 |  0 |
| Y4 |  0 |  0 |
| Y3 |  0 |  0 |
| Y2 |  0 |  0 |
| Y1 |  0 |  0 |
| Y0 |  0 |  0 |
+----+----+----+


11. Device Cell Placement Summary for Global Clock g5
-----------------------------------------------------

+-----------+-----------------+-------------------+-------------------------------+-------------+---------------+-------------+----------+----------------+----------+-------------------------------------------------------------+
| Global Id | Driver Type/Pin | Driver Region (D) | Clock                         | Period (ns) | Waveform (ns) | Slice Loads | IO Loads | Clocking Loads | GT Loads | Net                                                         |
+-----------+-----------------+-------------------+-------------------------------+-------------+---------------+-------------+----------+----------------+----------+-------------------------------------------------------------+
| g5        | BUFG/O          | n/a               | clkfbout_design_1_clk_wiz_1_0 |       5.000 | {0.000 2.500} |           0 |        0 |              1 |        0 | design_1_i/clk_wiz_1/inst/clkfbout_buf_design_1_clk_wiz_1_0 |
+-----------+-----------------+-------------------+-------------------------------+-------------+---------------+-------------+----------+----------------+----------+-------------------------------------------------------------+
* Logic Loads column represents load cell count of all cell types other than IO, GT and clock resources
** IO Loads column represents load cell count of IO types
*** Clocking Loads column represents load cell count that are clock resources (global clock buffer, MMCM, PLL, etc)
**** GT Loads column represents load cell count of GT types


+----+----+----+
|    | X0 | X1 |
+----+----+----+
| Y6 |  0 |  0 |
| Y5 |  0 |  1 |
| Y4 |  0 |  0 |
| Y3 |  0 |  0 |
| Y2 |  0 |  0 |
| Y1 |  0 |  0 |
| Y0 |  0 |  0 |
+----+----+----+


12. Device Cell Placement Summary for Global Clock g6
-----------------------------------------------------

+-----------+-----------------+-------------------+-------------------------------+-------------+----------------+-------------+----------+----------------+----------+------------------------------------+
| Global Id | Driver Type/Pin | Driver Region (D) | Clock                         | Period (ns) | Waveform (ns)  | Slice Loads | IO Loads | Clocking Loads | GT Loads | Net                                |
+-----------+-----------------+-------------------+-------------------------------+-------------+----------------+-------------+----------+----------------+----------+------------------------------------+
| g6        | BUFG/O          | n/a               | notclk90_design_1_clk_wiz_1_0 |      10.000 | {7.500 12.500} |           1 |        0 |              0 |        0 | design_1_i/clk_wiz_1/inst/notclk90 |
+-----------+-----------------+-------------------+-------------------------------+-------------+----------------+-------------+----------+----------------+----------+------------------------------------+
* Logic Loads column represents load cell count of all cell types other than IO, GT and clock resources
** IO Loads column represents load cell count of IO types
*** Clocking Loads column represents load cell count that are clock resources (global clock buffer, MMCM, PLL, etc)
**** GT Loads column represents load cell count of GT types


+----+----+----+
|    | X0 | X1 |
+----+----+----+
| Y6 |  1 |  0 |
| Y5 |  0 |  0 |
| Y4 |  0 |  0 |
| Y3 |  0 |  0 |
| Y2 |  0 |  0 |
| Y1 |  0 |  0 |
| Y0 |  0 |  0 |
+----+----+----+


13. Clock Region Cell Placement per Global Clock: Region X0Y5
-------------------------------------------------------------

+-----------+-------+-----------------+------------+-------------+-----------------+-----+--------+------+-----+----+------+-----+---------+-------------------------------------------------------------------------+
| Global Id | Track | Driver Type/Pin | Constraint | Clock Loads | Non-Clock Loads | FF  | LUTRAM | RAMB | DSP | GT | MMCM | PLL | Hard IP | Net                                                                     |
+-----------+-------+-----------------+------------+-------------+-----------------+-----+--------+------+-----+----+------+-----+---------+-------------------------------------------------------------------------+
| g0        | n/a   | BUFG/O          | None       |         172 |               0 | 124 |     43 |    5 |   0 |  0 |    0 |   0 |       0 | design_1_i/clk_wiz_1/inst/ublaze_clk                                    |
| g1        | n/a   | BUFG/O          | None       |          61 |               0 |  61 |      0 |    0 |   0 |  0 |    0 |   0 |       0 | design_1_i/h_microblaze/mdm_1/U0/No_Dbg_Reg_Access.BUFG_DRCK/Dbg_Clk_31 |
+-----------+-------+-----------------+------------+-------------+-----------------+-----+--------+------+-----+----+------+-----+---------+-------------------------------------------------------------------------+
* Clock Loads column represents the clock pin loads (pin count)
** Non-Clock Loads column represents the non-clock pin loads (pin count)
*** Columns FF, LUTRAM, RAMB through 'Hard IP' represents load cell counts


14. Clock Region Cell Placement per Global Clock: Region X1Y5
-------------------------------------------------------------

+-----------+-------+-----------------+------------+-------------+-----------------+----+--------+------+-----+----+------+-----+---------+-------------------------------------------------------------+
| Global Id | Track | Driver Type/Pin | Constraint | Clock Loads | Non-Clock Loads | FF | LUTRAM | RAMB | DSP | GT | MMCM | PLL | Hard IP | Net                                                         |
+-----------+-------+-----------------+------------+-------------+-----------------+----+--------+------+-----+----+------+-----+---------+-------------------------------------------------------------+
| g5        | n/a   | BUFG/O          | None       |           1 |               0 |  0 |      0 |    0 |   0 |  0 |    1 |   0 |       0 | design_1_i/clk_wiz_1/inst/clkfbout_buf_design_1_clk_wiz_1_0 |
+-----------+-------+-----------------+------------+-------------+-----------------+----+--------+------+-----+----+------+-----+---------+-------------------------------------------------------------+
* Clock Loads column represents the clock pin loads (pin count)
** Non-Clock Loads column represents the non-clock pin loads (pin count)
*** Columns FF, LUTRAM, RAMB through 'Hard IP' represents load cell counts


15. Clock Region Cell Placement per Global Clock: Region X0Y6
-------------------------------------------------------------

+-----------+-------+-----------------+------------+-------------+-----------------+------+--------+------+-----+----+------+-----+---------+-------------------------------------------------------------------------+
| Global Id | Track | Driver Type/Pin | Constraint | Clock Loads | Non-Clock Loads | FF   | LUTRAM | RAMB | DSP | GT | MMCM | PLL | Hard IP | Net                                                                     |
+-----------+-------+-----------------+------------+-------------+-----------------+------+--------+------+-----+----+------+-----+---------+-------------------------------------------------------------------------+
| g0        | n/a   | BUFG/O          | None       |        1730 |               0 | 1668 |     51 |   11 |   0 |  0 |    0 |   0 |       0 | design_1_i/clk_wiz_1/inst/ublaze_clk                                    |
| g1        | n/a   | BUFG/O          | None       |         171 |               0 |  149 |     22 |    0 |   0 |  0 |    0 |   0 |       0 | design_1_i/h_microblaze/mdm_1/U0/No_Dbg_Reg_Access.BUFG_DRCK/Dbg_Clk_31 |
| g2        | n/a   | BUFG/O          | None       |          90 |               0 |   88 |      0 |    0 |   1 |  0 |    0 |   0 |       0 | design_1_i/clk_wiz_1/inst/clk                                           |
| g3        | n/a   | BUFG/O          | None       |           2 |               0 |    2 |      0 |    0 |   0 |  0 |    0 |   0 |       0 | design_1_i/clk_wiz_1/inst/notclk                                        |
| g4        | n/a   | BUFG/O          | None       |           1 |               0 |    1 |      0 |    0 |   0 |  0 |    0 |   0 |       0 | design_1_i/clk_wiz_1/inst/clk90                                         |
| g6        | n/a   | BUFG/O          | None       |           1 |               0 |    1 |      0 |    0 |   0 |  0 |    0 |   0 |       0 | design_1_i/clk_wiz_1/inst/notclk90                                      |
+-----------+-------+-----------------+------------+-------------+-----------------+------+--------+------+-----+----+------+-----+---------+-------------------------------------------------------------------------+
* Clock Loads column represents the clock pin loads (pin count)
** Non-Clock Loads column represents the non-clock pin loads (pin count)
*** Columns FF, LUTRAM, RAMB through 'Hard IP' represents load cell counts



# Location of BUFG Primitives 
set_property LOC BUFGCTRL_X0Y0 [get_cells design_1_i/h_microblaze/mdm_1/U0/No_Dbg_Reg_Access.BUFG_DRCK/Using_FPGA.Native]
set_property LOC BUFGCTRL_X0Y16 [get_cells design_1_i/clk_wiz_1/inst/clkout1_buf]
set_property LOC BUFGCTRL_X0Y21 [get_cells design_1_i/clk_wiz_1/inst/clkout5_buf]
set_property LOC BUFGCTRL_X0Y18 [get_cells design_1_i/clk_wiz_1/inst/clkout4_buf]
set_property LOC BUFGCTRL_X0Y19 [get_cells design_1_i/clk_wiz_1/inst/clkf_buf]
set_property LOC BUFGCTRL_X0Y20 [get_cells design_1_i/clk_wiz_1/inst/clkout3_buf]
set_property LOC BUFGCTRL_X0Y17 [get_cells design_1_i/clk_wiz_1/inst/clkout2_buf]

# Location of IO Primitives which is load of clock spine

# Location of clock ports
set_property LOC IOB_X1Y275 [get_ports sys_diff_clock_clk_n]
set_property LOC IOB_X1Y276 [get_ports sys_diff_clock_clk_p]

# Clock net "design_1_i/h_microblaze/mdm_1/U0/No_Dbg_Reg_Access.BUFG_DRCK/Dbg_Clk_31" driven by instance "design_1_i/h_microblaze/mdm_1/U0/No_Dbg_Reg_Access.BUFG_DRCK/Using_FPGA.Native" located at site "BUFGCTRL_X0Y0"
#startgroup
create_pblock {CLKAG_design_1_i/h_microblaze/mdm_1/U0/No_Dbg_Reg_Access.BUFG_DRCK/Dbg_Clk_31}
add_cells_to_pblock [get_pblocks  {CLKAG_design_1_i/h_microblaze/mdm_1/U0/No_Dbg_Reg_Access.BUFG_DRCK/Dbg_Clk_31}] [get_cells -filter { PRIMITIVE_GROUP != I/O && IS_PRIMITIVE==1 && PRIMITIVE_LEVEL !=INTERNAL } -of_object [get_pins -filter {DIRECTION==IN} -of_objects [get_nets -hierarchical -filter {PARENT=="design_1_i/h_microblaze/mdm_1/U0/No_Dbg_Reg_Access.BUFG_DRCK/Dbg_Clk_31"}]]]
resize_pblock [get_pblocks {CLKAG_design_1_i/h_microblaze/mdm_1/U0/No_Dbg_Reg_Access.BUFG_DRCK/Dbg_Clk_31}] -add {CLOCKREGION_X0Y5:CLOCKREGION_X0Y5 CLOCKREGION_X0Y6:CLOCKREGION_X0Y6}
#endgroup

# Clock net "design_1_i/clk_wiz_1/inst/ublaze_clk" driven by instance "design_1_i/clk_wiz_1/inst/clkout1_buf" located at site "BUFGCTRL_X0Y16"
#startgroup
create_pblock {CLKAG_design_1_i/clk_wiz_1/inst/ublaze_clk}
add_cells_to_pblock [get_pblocks  {CLKAG_design_1_i/clk_wiz_1/inst/ublaze_clk}] [get_cells -filter { PRIMITIVE_GROUP != I/O && IS_PRIMITIVE==1 && PRIMITIVE_LEVEL !=INTERNAL } -of_object [get_pins -filter {DIRECTION==IN} -of_objects [get_nets -hierarchical -filter {PARENT=="design_1_i/clk_wiz_1/inst/ublaze_clk"}]]]
resize_pblock [get_pblocks {CLKAG_design_1_i/clk_wiz_1/inst/ublaze_clk}] -add {CLOCKREGION_X0Y5:CLOCKREGION_X0Y5 CLOCKREGION_X0Y6:CLOCKREGION_X0Y6}
#endgroup

# Clock net "design_1_i/clk_wiz_1/inst/notclk90" driven by instance "design_1_i/clk_wiz_1/inst/clkout5_buf" located at site "BUFGCTRL_X0Y21"
#startgroup
create_pblock {CLKAG_design_1_i/clk_wiz_1/inst/notclk90}
add_cells_to_pblock [get_pblocks  {CLKAG_design_1_i/clk_wiz_1/inst/notclk90}] [get_cells -filter { PRIMITIVE_GROUP != I/O && IS_PRIMITIVE==1 && PRIMITIVE_LEVEL !=INTERNAL } -of_object [get_pins -filter {DIRECTION==IN} -of_objects [get_nets -hierarchical -filter {PARENT=="design_1_i/clk_wiz_1/inst/notclk90"}]]]
resize_pblock [get_pblocks {CLKAG_design_1_i/clk_wiz_1/inst/notclk90}] -add {CLOCKREGION_X0Y6:CLOCKREGION_X0Y6}
#endgroup

# Clock net "design_1_i/clk_wiz_1/inst/notclk" driven by instance "design_1_i/clk_wiz_1/inst/clkout4_buf" located at site "BUFGCTRL_X0Y18"
#startgroup
create_pblock {CLKAG_design_1_i/clk_wiz_1/inst/notclk}
add_cells_to_pblock [get_pblocks  {CLKAG_design_1_i/clk_wiz_1/inst/notclk}] [get_cells -filter { PRIMITIVE_GROUP != I/O && IS_PRIMITIVE==1 && PRIMITIVE_LEVEL !=INTERNAL } -of_object [get_pins -filter {DIRECTION==IN} -of_objects [get_nets -hierarchical -filter {PARENT=="design_1_i/clk_wiz_1/inst/notclk"}]]]
resize_pblock [get_pblocks {CLKAG_design_1_i/clk_wiz_1/inst/notclk}] -add {CLOCKREGION_X0Y6:CLOCKREGION_X0Y6}
#endgroup

# Clock net "design_1_i/clk_wiz_1/inst/clk90" driven by instance "design_1_i/clk_wiz_1/inst/clkout3_buf" located at site "BUFGCTRL_X0Y20"
#startgroup
create_pblock {CLKAG_design_1_i/clk_wiz_1/inst/clk90}
add_cells_to_pblock [get_pblocks  {CLKAG_design_1_i/clk_wiz_1/inst/clk90}] [get_cells -filter { PRIMITIVE_GROUP != I/O && IS_PRIMITIVE==1 && PRIMITIVE_LEVEL !=INTERNAL } -of_object [get_pins -filter {DIRECTION==IN} -of_objects [get_nets -hierarchical -filter {PARENT=="design_1_i/clk_wiz_1/inst/clk90"}]]]
resize_pblock [get_pblocks {CLKAG_design_1_i/clk_wiz_1/inst/clk90}] -add {CLOCKREGION_X0Y6:CLOCKREGION_X0Y6}
#endgroup

# Clock net "design_1_i/clk_wiz_1/inst/clk" driven by instance "design_1_i/clk_wiz_1/inst/clkout2_buf" located at site "BUFGCTRL_X0Y17"
#startgroup
create_pblock {CLKAG_design_1_i/clk_wiz_1/inst/clk}
add_cells_to_pblock [get_pblocks  {CLKAG_design_1_i/clk_wiz_1/inst/clk}] [get_cells -filter { PRIMITIVE_GROUP != I/O && IS_PRIMITIVE==1 && PRIMITIVE_LEVEL !=INTERNAL } -of_object [get_pins -filter {DIRECTION==IN} -of_objects [get_nets -hierarchical -filter {PARENT=="design_1_i/clk_wiz_1/inst/clk"}]]]
resize_pblock [get_pblocks {CLKAG_design_1_i/clk_wiz_1/inst/clk}] -add {CLOCKREGION_X0Y6:CLOCKREGION_X0Y6}
#endgroup
